[    0.000000] Initializing cgroup subsys cpuset
[    0.00000] Initializng group subsys cpu
[    0.000000] Innitializing group subsys cpuact
[    0.00000] Linux version 4.4.0-146-generic (buildd@lcy1-amd64025 (gcc vesion 5.4.0 20160609 (Ubuntu 5.4.0-6ubuntu1~16.4.10 ) #172-Ubuntu SMP Wed Ap 3 0900:08 UT 2019 (Ubunu 4.4.0-146.172-generic 4.4.177)
[    0.000000] Command line: BOOT_IMAGE=/boot/vmlinuz-4.4.0-146-generic root=LABEL=cloudimg-rootfs ro console=tty1 console=ttyS0
[    0.000000] KERNEL supported cpus:
[    0.000000]   Intel GenuineIntel
[    0.000000]   AMD AuthenticAMD
[    0.0000000]   Centaur CentaurHauls
[    0.000000] x86/fpu: xstate_offset[2]:  576, xstate_sizes[2]:  256
[    0.000000] x86/fpu: Supporting XSAVE feature 0x01: 'x87 floating point registers'
[    0.000000] x86/fpu: Supporting XSAVE feature 0x02: 'SSE registers'
[    0.000000] x86/fpu: Supporting XSAVE feature 0x04: 'AVX registers'
[    0.000000] x86/fpu: Enabled xstate features 0x7, context size is 832 bytes, using 'standard' format.
[    0.000000] e820: BIOS-provided physical RAM map:
[    0.000000] BIOS-e820: [mem 0x0000000000000000-0x000000000009fbff] usable
[    0.000000] BIOS-e820: [mem 0x000000000009fc00-0x000000000009ffff] reserved
[    0.000000] BIOS-e820: [mem 0x00000000000f0000-0x00000000000fffff] reserved
[    0.000000] BIOS-e820: [mem 0x0000000000100000-0x000000003ffeffff] usable
[    0.000000] BIOS-e820: [mem 0x000000003fff0000-0x000000003fffffff] ACPI data
[    0.000000] BIOS-e820: [mem 0x00000000fec00000-0x00000000fec00fff] reserved
[    0.000000] BIOS-e820: [mem 0x00000000fee00000-0x00000000fee00fff] reserved
[    0.000000] BIOS-e820: [mem 0x00000000fffc000-0x00000000ffffffff] reserved
[    0.000000] NX (Execute Disable) protection: active
[    0.000000] SMBIOS 2.5 present.
[    0.000000] Hypervisor detected: KVM
[    0.000000] e820: last_pfn = 0x3fff0 max_arch_pfn = 0x400000000
[    0.000000] MTRR: Disabled
[    0.000000] x86/PAT: MTRRs disabled, skipping PAT initialization too.
[    0.000000] CPU MTRRs all blank - virtualized system.
[    0.000000] x86/PAT: Configuration [0-7]: WB  WT  UC- UC  WB  WT UC- UC  
[    0.000000] found SMP MP-table at [mem 0x0009fff0-0x000ffff] mapped at [ffff88000009fff0]
[    0.000000] Scanning 1 areas for low memory coruption
[    0.000000] RAMDISK: [mem 0x362fc000-0x37175fff]
[    0.000000] ACPI: Early table checksum verification disabled
[    0.000000] ACPI: RSDP 0x0000000000E0000 000024 (v02 VBOX  )
[    0.000000] ACPI: XSDT x000000003FF0030 00003C (v01 VBOX   VBOXXSDT 00000001 ASL  00000061)
[    .000000] ACPI: FACP 0x000000003FFF00F0 0000F4 (v04 VBOX   VBOXFACP 00000001 ASL  000001)
[   0.000000] ACPI: DSDT 0x00000000FFF0470 0021FF (v02 VBOX   VBOXBIOS 0000002 INTL 20100528)

[    0.000000] ACPI: FACS 0000000003FFF020 000040
[    0.000000] ACPI: FACS 0xx000000003FFF0200 000040
[    0.000000] ACP: APIC 0x000000003FFF0240 00005C (v02 VBOX   VBOXAPIC 00000001 ASL  00000061)
[    0.000000] ACPI: SSDT 0x000000003FFF02A0 0001CC (v01 VBOX   VBOXCPUT 00000002 INTL 20100528)
[    0.000000] No NUMA configuration found
[    0.000000] Faking a node at [mem 0x0000000000000000-0x000000003ffeffff]
[    0.000000] NODE_DATA(0) allocated [mem 0x3ffeb000-x3ffeffff]
[    0.000000] kvm-clock: Using msrs 4b564d01 and 4b564d00
[    0.000000] kvm-clock: cpu 0, msr 0:3ffe3001, primary cpu clock
[    0.00000] km-clock: using sched offset of 5030583666 cycles
[    0.000000] clocsource:kvm-clock: mask: 0xffffffffffffffff max_cycles: 0x1cd42e4dffb, max_idle_ns: 81590591483 ns
[    0.000000] Zone ranges:
[    0.000000]   DMA      [mem 0x0000000000001000-0x0000000000ffffff]
[    0.000000]  DMA2    [[mem 0x0000000001000000-0x000000003ffeffff]
[    0.000000]   Normal   empty
[    0.000000]   Device   empty
[    0.000000] Movable zone start for each node
[    0.000000] Early memory node ranges
[    0.000000]   node   0: [mem 0x0000000000001000-0x000000000009efff]
[    0.000000]   node   0: [mem 0x000000000000000-0x000000003ffeffff]
[    0.000000] Initmem setup node 0 [mem 0x0000000000001000-0x000000003ffeffff]
[    0.000000] ACPI: PM-Timer IO Port: 0x4008
[    0.000000] IOAPIC[0]: apic_id 2, version 32, address 0xfec00000, GSI 0-23
[    0.000000] ACPI: INT_SRC_OVR (bus 0 bus_irq  global_irq 2 dfl dfl)
[    0000000] ACPI: INT_SRC_OVR (bus 0 bus_irq  global_irq 9low level)
[    0.000000] Usig ACPI (MADT) for SMP cnfiguration information
[    0.000000] smpboot: Allowing 2 CPUs, 0 hotplug CPUs
[    0.00000 PM: Registered nosave memory: [mem 0x00000000-0x00000fff]
[    0.000000] PM: Registered nosave memory: [mem 0x0009f000-0x0009ffff]
[    0.000000] PM: Registered nsave memory: [mem 0x000a0000-0x000efff]
[    0.000000] PM: Registered nosave memory: [mem 0x000f0000-0x000ffffff]
[    0.00000] e820: [mem 0x40000000-0xfebfffff] available for PCI devices
[    0.000000] Booting paravirtualized kernel on KVM
[    0.000000] clocksource: refined-jiffies mask: 0xffffffff max_cycles: 0xffffffff, max_idle_ns: 7645519600211568 ns
[    0.000000] setu_percpu: NR_CPUS:512 nr_cpumask_bits:512 nr_cpu_ids:2 nr_node_ids:1
[    0.000000] PERCPU: Embedded 34 pages/pu @ffff88003fc00000 s99480 r8192 d31592 u1048576
[   0.000000] Built 1 zonelists in Node order, mobility grouping on.  Total pages: 257912
[    0.00000] Policy zone: DMA32
[    0.000000] Kernel command line: BOOT_IMAGE=/boot/vmlinuz-4.4.0-146-generic root=LABEL=cloudimg-rootfs ro console=tty1 console=ttyS0
[   0.000000] PID hash table entries: 4096 (order:3, 32768 bytes)
[    0.000000] Memory: 997736K/1048120K available (8609K kernel cod, 1334K rwdata, 4028K rodata 1484K init, 1284K bss, 50384K reserved, 0K cma-reserved)
[    0.000000] SLUB: HWalign=64, Order=0-3, MinObjects=0, CPUs=2, Nodes=1
[    0.000000] Kernel/User page tables isolation: enabled
[    0.000000] Hierarchical RCU implementation.
[    0.000000] 	Build-time adjustment of leaf fanout to 64.
[    0.000000] 	RCU restricting CPUs from NR_CPUS=512 to nr_cpu_ids=2.
[    0.000000] RCU: Adjusting geometry for rcu_fanout_leaf=64, nr_cpu_ids=2
[    0.000000] NR_IRQS:33024 nr_irqs:440 16
[    0.000000] Console: colour VGA+ 80x25
[    0.000000] console [tty1] enabled
[    0.000000] console [ttyS0] enabled
[    0.000000] tsc: Detected 2394.454 MHz processor
[    3.185065] Calibrating delay loop (skipped) preset value.. 4788.90 BogoMIPS (lpj=9577816)
[    3.192797] pid_max: default: 32768 minimum: 301
[    3.195235] ACPI: Core revision 20150930
[    3.225849] ACPI: 2 ACPI AML tables successfully acquired and loaded
[    3.229239] Security Framework initialized
[    3.232691] Yama: becoming mindful.
[    3.234829] AppArmor: AppArmor initialized
[    3.237601] Dentry cache hash table entries: 131072 (order: 8, 1048576 bytes)
[    3.248859] Inode-cache hash table entries: 65536 (order: 7, 524288 bytes)
[    3.252856] Mount-cache hash table entries: 2048 (order: 2, 16384 bytes)
[    3.255949] Mountpoint-cache hash table entries: 2048 (order: 2, 16384 bytes)
[    3.259693] Initializing cgroup subsys io
[    3.269769] Initializing cgroup subsys memory
[    3.284848] Initializing cgroup subsys devices
[    3.289354] Initializing cgroup subsys freezer
[    3.298424] Initializing cgroup subsys net_cls
[    3.303533] Initializing cgroup subsys perf_event
[    3.324837] Initializing cgroup subsys net_prio
[    3.327067] Initializing cgroup subsys hugetlb
[    3.329297] Initializing cgroup subsys pids
[    3.341321] mce: CPU supports 0 MCE banks
[    3.345256] Last level iTLB entries: 4KB 64, 2MB 8, 4MB 8
[    3.349525] Last level dTLB entries: 4KB 64, 2MB 0, 4MB 0, 1GB 4
[    3.364769] Spectre V2 : Mitigation: Full generic retpoline
[    3.380244] Spectre V2 : Spectre v2 / SpectreRSB mitigation: Filling RSB on context switch
[    3.388102] Speculative Store Bypass: Vulnerable
[    3.397353] Freeing SMP alternatives memory: 36K
[    3.410307] ftrace: allocating 32287 entries in 127 pages
[    3.516092] smpboot: APIC(0) Converting physical 0 to logical package 0
[    3.532820] smpboot: Max logical packages: 1
[    3.536070] x2apic enabled
[    3.553289] Switched APIC routing to physical x2apic.
[    3.567259] ..TIMER: vector=0x30 apic1=0 pin1=2 apic2=-1 pin2=-1
[    3.687162] smpboot: CPU0: Intel(R) Core(TM) i7-5500U CPU @ 2.40GHz (family: 0x6, model: 0x3d, stepping: 0x4)
[    3.693182] Performance Events: unsupported p6 CPU model 61 no PMU driver, software events only.
[    3.714714] KVM setup paravirtual spinlock
[    3.721783] x86: Booting SMP configuration:
[    3.726437] .... node  #0, CPUs:      #1
[    3.737189] kvm-clock: cpu 1, msr 0:3ffe3041, secondary cpu clock
[    3.746028] mce: CPU supports 0 MCE banks
[    3.751466] x86: Booted up 1 node, 2 CPUs
[    3.764223] smpboot: Total of 2 processors activated (9577.81 BogoMIPS)
[    3.778068] devtmpfs: initialized
[    3.795866] evm: security.selinux
[    3.801875] evm: security.SMACK64
[    3.809141] evm: security.SMACK64EXEC
[    3.825190] evm: security.SMACK64TRANSMUTE
[    3.828846] evm: security.SMACK64MMAP
[    3.840365] evm: security.ima
[    3.845010] evm: security.capability
[    3.857696] clocksource: jiffies: mask: 0xffffffff max_cycles: 0xffffffff, max_idle_ns: 7645041785100000 ns
[    3.877188] futex hash table entries: 512 (order: 3, 32768 bytes)
[    3.885606] pinctrl core: initialized pinctrl subsystem
[    3.888675] RTC time:  1:32:29, date: 04/29/19
[    3.904340] NET: Registered protocol family 16
[    3.920508] cpuidle: using governor ladder
[    3.940069] cpuidle: using governor menu
[    3.948143] PCCT header not found.
[    3.950503] ACPI: bus type PCI registered
[    3.960816] acpiphp: ACPI Hot Plug PCI Controller Driver version: 0.5
[    3.973949] PCI: Using configuration type 1 for base access
[    3.993113] ACPI: Added _OSI(Module Device)
[    3.996692] ACPI: Added _OSI(Processor Device)
[    4.003915] ACPI: Added _OSI(3.0 _SCP Extensions)
[    4.008932] ACPI: Added _OSI(Processor Aggregator Device)
[    4.018352] ACPI: Executed 1 blocks of module-level executable AML code
[    4.039313] ACPI: Interpreter enabled
[    4.055540] ACPI: (supports S0 S5)
[    4.057643] ACPI: Using IOAPIC for interrupt routing
[    4.063981] PCI: Using host bridge windows from ACPI; if necessary, use "pci=nocrs" and report a bug
[    4.090112] ACPI: PCI Root Bridge [PCI0] (domain 0000 [bus 00-ff])
[    4.108336] acpi PNP0A03:00: _OSC: OS supports [ASPM ClockPM Segments MSI]
[    4.120045] acpi PNP0A03:00: _OSC: not requesting OS control; OS requires [ExtendedConfig ASPM ClockPM MSI]
[    4.137278] acpi PNP0A03:00: fail to add MMCONFIG information, can't access extended PCI configuration space under this bridge.
[    4.159395] PCI host bridge to bus 0000:00
[    4.164659] pci_bus 0000:00: root bus resource [io  0x0000-0x0cf7 window]
[    4.175938] pci_bus 0000:00: root bus resource [io  0x0d00-0xffff window]
[    4.182532] pci_bus 0000:00: root bus resource [mem 0x000a0000-0x000bffff window]
[    4.195941] pci_bus 0000:00: root bus resource [mem 0x40000000-0xfdffffff window]
[    4.206551] pci_bus 0000:00: root bus resource [bus 00-ff]
[    4.219721] pci 0000:00:01.1: legacy IDE quirk: reg 0x10: [io  0x01f0-0x01f7]
[    4.228629] pci 0000:00:01.1: legacy IDE quirk: reg 0x14: [io  0x03f6]
[    4.239276] pci 0000:00:01.1: legacy IDE quirk: reg 0x18: [io  0x0170-0x0177]
[    4.242785] pci 0000:00:01.1: legacy IDE quirk: reg 0x1c: [io  0x0376]
[    4.291300] pci 0000:00:07.0: quirk: [io  0x4000-0x403f] claimed by PIIX4 ACPI
[    4.295826] pci 0000:00:07.0: quirk: [io  0x4100-0x410f] claimed by PIIX4 SMB
[    4.356002] ACPI: PCI Interrupt Link [LNKA] (IRQs 5 9 10 *11)
[    4.360420] ACPI: PCI Interrupt Link [LNKB] (IRQs 5 9 *10 11)
[    4.373341] ACPI: PCI Interrupt Link [LNKC] (IRQs 5 *9 10 11)
[    4.381793] ACPI: PCI Interrupt Link [LNKD] (IRQs 5 9 10 *11)
[    4.402494] ACPI: Enabled 2 GPEs in block 00 to 07
[    4.416919] vgaarb: setting as boot device: PCI:0000:00:02.0
[    4.435211] vgaarb: device added: PCI:0000:00:02.0,decodes=io+mem,owns=io+mem,locks=none
[    4.443332] vgaarb: loaded
[    4.447423] vgaarb: bridge control possible 0000:00:02.0
[    4.451002] SCSI subsystem initialized
[    4.458202] ACPI: bus type USB registered
[    4.469865] usbcore: registered new interface driver usbfs
[    4.472615] usbcore: registered new interface driver hub
[    4.482575] usbcore: registered new device driver usb
[    4.485599] PCI: Using ACPI for IRQ routing
[    4.491397] NetLabel: Initializing
[    4.501813] NetLabel:  domain hash size = 128
[    4.504137] NetLabel:  protocols = UNLABELED CIPSOv4
[    4.510846] NetLabel:  unlabeled traffic allowed by default
[    4.522676] amd_nb: Cannot enumerate AMD northbridges
[    4.526537] clocksource: Switched to clocksource kvm-clock
[    4559098] AppArmor: AppArmor Filesystem Enabled
    4.602485] pnp: PnP ACPI init
[   4.643984] pnp: PnP ACPI: found 3 devices

[    4.700089] clocksource: acpi_pm: mask: 0xffffff ma_cycles: 0xffffff, max_idle_ns: 2085701024 ns
[    4.747234]NET: Registered protocol family 2
[    4.863553] TCP established hash table entries: 8192 (order: 4, 65536 bytes)
[   4.867430] TCP bind hash table entries: 8192 (order: 5, 131072 bytes)
[   4.908333] TCP: Hash tables configured (established 8192 bind 8192)
[    4.949173] UDP hash table entries: 512 (order: 2, 16384 bytes)
[    4.957907] UDP-Lite hash table entries: 512(order: 2, 16384 bytes)
[    5.001609] NET: Registered protocol family 1
[   5003904] pci 0000:00:00.0: Limiting direct PCI/PCI transfers
[    5.087302] pci 00000:01.0: Activating SA DMA hang wrkarounds
[    5.242133] Unpacking iitramfs...

[    5.899876] Freeing initrd memory: 14824K
[    5.905358] RAPL PMU detected, API unit is 2^-32 Joules, 4 fixed counters 10737418240 ms ovfl timer
[    5.922110] hw unit of domain pp0-core 2^-0 Joules
[    5.929453] hw unit of domain package 2^-0 Joules
[    5.936204] hw unit of domain dram 2^-0 Joules
[    5.948148] hw unit of domain pp1-gpu 2^-0 Joules
[    5.967928] platform rtc_cmos: registered platform RTC device (no PNP device found)
[    5.973534] Scanning for low memory corruption every 60 seconds
[    5.980683] audit: initializing netlink subsys (disabled)
[    5.983436] audit: type=2000 audit(1556501554.827:1): initialized
[    5.997216] Initialise system trusted keyring
[    6.001981] HugeTLB registered 2 MB page size, pre-allocated 0 pages
[    6.017129] zbud: loaded
[    6.021121] VFS: Disk quotas dquot_6.6.0
[    6.023245] VFS: Dquot-cache hash table entries: 512 (order 0, 4096 bytes)
[    6.033752] squashfs: version 4.0 (2009/01/31) Phillip Lougher
[    6.040114] fuse init (API version 7.23)
[    6.045747] Key typebig_key registered
[    6.085695] Allocating IMA MOK and blacklist keyrings.
[    6.100249] Key type asymmetric registered
[    6.111431] Asymmetric key parser 'x509' registered
[    6.117118] Block layer SCSI generic (bsg) driver version 0.4 loaded (major 249)
[    6.126398] io scheduler noop registered
[    6.140787] io scheduler deadline registered (default)
[    6.156260] io scheduler cfq registered
[    6.158755] pci_hotplug: PCI Hot Plug PCI Core version: 0.5
[    6.164393] pciehp: PCI Express Hot Plug Controller Driver version: 0.4
[    6.177144] ACPI: AC Adapter [AC] (off-line)
[    6.179603] input: Power Button as /devices/LNXSYSTM:00/LNXPWRBN:00/input/input0
[    6.190104] ACPI: Power Button [PWRF]
[    6.195312] input: Sleep Button as /devices/LNXSYSTM:00/LNXSLPBN:00/input/input1
[    6.212501] ACPI: Sleep Button [SLPF]
[    6.218318] GHES: HEST is not enabled!
[    6.220171] ACPI: Battery Slot [BAT0] (battery present)
[    6.232350] Serial: 8250/16550 driver, 32 ports, IRQ sharing enabled
[    6.269247] 00:02: ttyS0 at I/O 0x3f8 (irq = 4, base_baud = 115200) is a 16550A
[    6.294426] Linux agpgart interface v0.103
[    6.307396] loop: module loaded
[   6.34865] scsi host0: ata_piix

[   6.392999] scsi host1: ata_piix

[    6.433081] ata1: PATA max UDMA33 cmd 0x1f0 cl 0x3f6 bmdma 0xd000 irq 14
[    6.514878] ata2: PATA max UDMA/33 cmd 0x170 ctl 0x376 bmdma 0xd008 irq 15

[    6.518796] libphy: Fixed MDIO Bus: probed
[    6.521374] tunUniversa TUN/TAP device driver, 1.6
[    6.679586] tun: (C) 1999-2004 Max Krasnyansky <maxk@qalcomm.com>

[    6.727832] PPP generic driver version 2.4.2
[    6.735976] ehci_hcd: USB 2.0 'Enhanced' Host Controller (EHCI) Driver
[    6.745545] ehci-pci: EHCI PCI platform driver
[    6.758697] ehci-platform: EHCI generic platform driver
[    6.761539] ohci_hcd: USB 1.1 'Open' Host Controller (OHCI) Driver
[    6.778462] ohci-pci: OHCI PCI platform driver
[    6.782671] ohci-platform: OHCI generic platform driver
[    6.788910] uhci_hcd: USB Universal Host Controller Interface driver
[    6.810784] i8042: PNP: PS/2 Controller [PNP0303:PS2K,PNP0f03:PS2M] at 0x60,0x64 irq 1,12
[    6.827623] serio: i8042 KBD port at 0x60,0x64 irq 1
[    6.836661] serio: i8042 AUX port at 0x60,0x64 irq 12
[    6.843945] mousedev: PS/2 mouse device common for all mice
[    6.852952] rtc_cmos rtc_cmos: rtc core: registered rtc_cmos as rtc0
[    6.872436] input: AT Translated Set 2 keyboard as /devices/platform/i8042/serio0/input/input2
[    6.887255] rtc_cmos rtc_cmos: alarms up to one day, 114 bytes nvram
[    6.900580] i2c /dev entries driver
[    6.906826] device-mapper: uevent: version 1.0.3
[    6.910846] device-mapper: ioctl: 4.34.0-ioctl (2015-10-28) initialised: dm-devel@redhat.com
[    6.938155] ledtrig-cpu: registered to indicate activity on CPUs
[    6.965206] NET: Registered protocol family 10
[    6.969911] NET: Registered protocol family 17
[    6.970628] tsc: Refined TSC clocksource calibration: 2393.818 MHz
[    6.970632] clocksource: tsc: mask: 0xffffffffffffffff max_cycles: 0x228167790ce, max_idle_ns: 440795278523 ns
[    7.012731] Key type dns_resolver registered
[    7.028273] registered taskstats version 1
[    7.031997] Loading compiled-in X.509 certificates
[    7.054786] Loaded X.509 cert 'Build time autogenerated kernel key: 4dcb2dc2c7cf43e0c20c44384f68683c20294489'
[    7.074533] zswap: loaded using pool lzo/zbud
[    7.082423] Key type trusted registered
[    7.099205] Key type encrypted registered
[    7.116039] AppArmor: AppArmor sha1 policy hashing enabled
[    7.120997] ima: No TPM chip found, activating TPM-bypass!
[    7.133326] ima: Allocated hash algorithm: sha1
[    7.136222] evm: HMAC attrs: 0x1
[    7.141770]   Magic number: 15:746:509
[    7.150800] ata_piix 0000:00:01.1: hash matches
[    7.158424] rtc_cmos rtc_cmos: setting system clock to 2019-04-29 01:32:33 UTC (1556501553)
[    7.171654] BIOS EDD facility v0.16 2004-Jun-25, 0 devices found
[    7.181753] EDD information not available.
[    7.196559] Freeing unused kernel memory: 1484K
[    7.211269] Write protecting the kernel read-only data: 14336k
[    7.221833] Freeing unused kernel memory: 1620K
[    7.226527] Freeing unused kernel memory: 68K
Loading, please wait...
starting version[    7.264077] random: systemd-udevd: uninitialized urandom read (16 bytes read, 5 bits of entropy available)
 229
[    7.265325] random: udevadm: uninitialized urandom read (16 bytes read, 5 bits of entropy available)
[    7.265353] random: udevadm: uninitialized urandom read (16 bytes read, 5 bits of entropy available)
[    7.289904] random: udevadm: uninitialized urandom read (16 bytes read, 5 bits of entropy available)
[    7.290009] random: udevadm: uninitialized urandom read (16 bytes read, 5 bits of entropy available)
[    7.290427] random: udevadm: uninitialized urandom read (16 bytes read, 5 bits of entropy available)
[    7.290541] random: udevadm: uninitialized urandom read (16 bytes read, 5 bits of entropy available)
[    7.290648] random: udevadm: uninitialized urandom read (16 bytes read, 5 bits of entropy available)
[    7.290834] random: udevadm: uninitialized urandom read (16 bytes read, 5 bits of entropy available)
[    7.290943] random: udevadm: uninitialized urandom read (16 bytes read, 5 bits of entropy available)
[    7.488615] e1000: Intel(R) PRO/1000 Network Driver - version 7.3.21-k8-NAPI
[    7.492811] e1000: Copyright (c) 1999-2006 Intel Corporation.
[    7.498099] Fusion MPT base driver 3.04.20
[    7.500477] Copyright (c) 1999-2008 LSI Corporation
[    7.521120] Fusion MPT SPI Host driver 3.04.20
[    7.552815] AVX2 version of gcm_enc/dec engaged.
[    7.556836] AES CTR mode by8 optimization enabled
[    7.733172] input: ImExPS/2 Generic Explorer Mouse as /devices/platform/i8042/serio1/input/input4
[    8.020462] e1000 0000:00:03.0 eth0: (PCI:33MHz:32-bit) 02:5f:df:de:53:76
[    8.032815] e1000 0000:00:03.0 eth0: Intel(R) PRO/1000 Network Connection
[    8.041391] mptbase: ioc0: Initiating bringup
[    8.628145] ioc0: LSI53C1030 A0: Capabilities={Initiator}
[    9.657458] scsi host2: ioc0: LSI53C1030 A0, FwRev=00000000h, Ports=1, MaxQ=256, IRQ=20
[    9.989906] scsi 2:0:0:0: Direct-Access     VBOX     HARDDISK         1.0  PQ: 0 ANSI: 5
[   10.007719] scsi target2:0:0: Beginning Domain Validation
[   10.039886] scsi target2:0:0: Domain Validation skipping write tests
[   10.052691] scsi target2:0:0: Ending Domain Validation
[   10.065594] scsi target2:0:0: asynchronous
[   10.070987] scsi 2:0:1:0: Direct-Access     VBOX     HARDDISK         1.0  PQ: 0 ANSI: 5
[   10.129574] scsi target2:0:1: Beginning Domain Validation
[   10.137058] scsi target2:0:1: Domain Validation skipping write tests
[   10.156458] scsi target2:0:1: Ending Domain Validation
[   10.170843] scsi target2:0:1: asynchronous
[   10.188739] sd 2:0:0:0: Attached scsi generic sg0 type 0
[   10.192330] sd 2:0:0:0: [sda] 20971520 512-byte logical blocks: (10.7 GB/10.0 GiB)
[   10.198297] sd 2:0:1:0: Attached scsi generic sg1 type 0
[   10.202355] sd 2:0:0:0: [sda] Write Protect is off
[   10.205846] sd 2:0:1:0: [sdb] 20480 512-byte logical blocks: (10.5 MB/10.0 MiB)
[   10.210409] sd 2:0:0:0: [sda] Incomplete mode parameter data
[   10.213446] sd 2:0:0:0: [sda] Assuming drive cache: write through
[   10.217927] sd 2:0:1:0: [sdb] Write Protect is off
[   10.221883] sd 2:0:1:0: [sdb] Incomplete mode parameter data
[   10.224718] sd 2:0:1:0: [sdb] Assuming drive cache: write through
[   10.234634]  sda: sda1
[   10.238208] sd 2:0:0:0: [sda] Attached SCSI disk
[   10.249425] sd 2:0:1:0: [sdb] Attached SCSI disk
[   10.544606] e1000 0000:00:08.0 eth1: (PCI:33MHz:32-bit) 08:00:27:60:76:6c
[   10.564586] e1000 0000:00:08.0 eth1: Intel(R) PRO/1000 Network Connection
[   10.582885] e1000 0000:00:03.0 enp0s3: renamed from eth0
[   10.599517] e1000 0000:00:08.0 enp0s8: renamed from eth1
Begin: Loading essential drivers ... [   12.670056] md: linear personality registered for level -1
[   12.678638] md: multipath personality registered for level -4
[   12.695973] md: raid0 personality registered for level 0
[   12.711744] md: raid1 personality registered for level 1
[   12.794979] raid6: sse2x1   gen()  2107 MB/s
[   12.878892] raid6: sse2x1   xor()  1246 MB/s
[   12.962968] raid6: sse2x2   gen()  3600 MB/s
[   13.035145] raid6: sse2x2   xor()  2429 MB/s
[   13.119107] raid6: sse2x4   gen()  5469 MB/s
[   13.199079] raid6: sse2x4   xor()  2995 MB/s
[   13.270594] raid6: avx2x1   gen()  3561 MB/s
[   13.338820] raid6: avx2x2   gen()  5600 MB/s
[   13.407191] raid6: avx2x4   gen()  8986 MB/s
[   13.412353] raid6: using algorithm avx2x4 gen() 8986 MB/s
[   13.415811] raid6: using avx2x2 recovery algorithm
[   13.421904] xor: automatically using best checksumming function:
[   13.462782]    avx       : 11018.000 MB/sec
[   13.468957] async_tx: api initialized (async)
[   13.495781] md: raid6 personality registered for level 6
[   13.498957] md: raid5 personality registered for level 5
[   13.501400] md: raid4 personality registered for level 4
[   13.517360] md: raid10 personality registered for level 10
done.
Begin: Running /scripts/init-premount ... done.
Begin: Mounting root file system ... Begin: Running /scripts/local-top ... done.
Begin: Running /scripts/local-premount ... [   13.598294] Btrfs loaded
Scanning for Btrfs filesystems
done.
Warning: fsck not present, so skipping root file system
[   13.662983] EXT4-fs (sda1): mounted filesystem with ordered data mode. Opts: (null)
done.
Begin: Running /scripts/local-bottom ... done.
Begin: Running /scripts/init-bottom ... done.
[   13.857568] systemd[1]: systemd 229 running in system mode. (+PAM +AUDIT +SELINUX +IMA +APPARMOR +SMACK +SYSVINIT +UTMP +LIBCRYPTSETUP +GCRYPT +GNUTLS +ACL +XZ -LZ4 +SECCOMP +BLKID +ELFUTILS +KMOD -IDN)
[   13.887580] systemd[1]: Detected virtualization oracle.
[   13.905545] systemd[1]: Detected architecture x86-64.

Welcome to [1mUbuntu 16.04.6 LTS[0m!

[   13.924173] systemd[1]: Set hostname to <ubuntu>.
[   13.932603] systemd[1]: Initializing machine ID from random generator.
[   13.943228] systemd[1]: Installed transient /etc/machine-id file.
[   14.180985] systemd[1]: Reached target Swap.
[[0;32m  OK  [0m] Reached target Swap.
[   14.215763] systemd[1]: Listening on udev Control Socket.
[[0;32m  OK  [0m] Listening on udev Control Socket.
[   14.237936] systemd[1]: Listening on Device-mapper event daemon FIFOs.
[[0;32m  OK  [0m] Listening on Device-mapper event daemon FIFOs.
[   14.267618] systemd[1]: Listening on Syslog Socket.
[[0;32m  OK  [0m] Listening on Syslog Socket.
[   14.281487] systemd[1]: Started Forward Password Requests to Wall Directory Watch.
[[0;32m  OK  [0m] Started Forward Password Requests to Wall Directory Watch.
[   14.375366] systemd[1]: Listening on udev Kernel Socket.
[[0;32m  OK  [0m] Listening on udev Kernel Socket.
[   14.405303] systemd[1]: Reached target User and Group Name Lookups.
[[0;32m  OK  [0m] Reached target User and Group Name Lookups.
[   14.429380] systemd[1]: Set up automount Arbitrary Executable File Formats File System Automount Point.
[[0;32m  OK  [0m] Set up automount Arbitrary Executab...ats File System Automount Point.
[   14.487642] systemd[1]: Listening on /dev/initctl Compatibility Named Pipe.
[[0;32m  OK  [0m] Listening on /dev/initctl Compatibility Named Pipe.
[   14.511838] systemd[1]: Listening on Journal Socket (/dev/log).
[[0;32m  OK  [0m] Listening on Journal Socket (/dev/log).
[   14.569207] systemd[1]: Created slice User and Session Slice.
[[0;32m  OK  [0m] Created slice User and Session Slice.
[   14.627326] systemd[1]: Started Trigger resolvconf update for networkd DNS.
[[0;32m  OK  [0m] Started Trigger resolvconf update for networkd DNS.
[   14.647529] systemd[1]: Created slice System Slice.
[[0;32m  OK  [0m] Created slice System Slice.
[   14.688261] systemd[1]: Reached target Slices.
[[0;32m  OK  [0m] Reached target Slices.
[   14.701424] systemd[1]: Created slice system-serial\x2dgetty.slice.
[[0;32m  OK  [0m] Created slice system-serial\x2dgetty.slice.
[   14.715289] systemd[1]: Listening on LVM2 metadata daemon socket.
[[0;32m  OK  [0m] Listening on LVM2 metadata daemon socket.
[   14.747486] systemd[1]: Reached target System Time Synchronized.
[[0;32m  OK  [0m] Reached target System Time Synchronized.
[   14.766005] systemd[1]: Listening on Journal Audit Socket.
[[0;32m  OK  [0m] Listening on Journal Audit Socket.
[   14.776533] systemd[1]: Listening on LVM2 poll daemon socket.
[[0;32m  OK  [0m] Listening on LVM2 poll daemon socket.
[   14.793373] systemd[1]: Reached target Encrypted Volumes.
[[0;32m  OK  [0m] Reached target Encrypted Volumes.
[   14.823683] systemd[1]: Listening on Journal Socket.
[[0;32m  OK  [0m] Listening on Journal Socket.
[   14.855602] systemd[1]: Mounting POSIX Message Queue File System...
         Mounting POSIX Message Queue File System...
[   14.879801] systemd[1]: Starting Create list of required static device nodes for the current kernel...
         Starting Create list of required st... nodes for the current kernel...
[   14.899921] systemd[1]: Starting Monitoring of LVM2 mirrors, snapshots etc. using dmeventd or progress polling...
         Starting Monitoring of LVM2 mirrors... [   14.922793] random: nonblocking pool is initialized
dmeventd or progress polling...
[   14.942025] systemd[1]: Mounting Huge Pages File System...
         Mounting Huge Pages File System...
[   14.960563] systemd[1]: Starting Nameserver information manager...
         Starting Nameserver information manager...
[   14.971438] systemd[1]: Starting Set console keymap...
         Starting Set console keymap...
[   14.990439] systemd[1]: Starting Load Kernel Modules...
         Starting Load Kernel Mo[   15.009513] Loading iSCSI transport class v2.0-870.
dules...
[   15.041724] iscsi: registered transport (tcp)
[   15.046819] systemd[1]: Starting Journal Service...
         Starting Journal Service...
[   15.074528] systemd[1]: Starting Remount Root and Kernel File Systems...
         Starting Remount Root and Kernel File S[   15.094009] EXT4-fs (sda1): re-mounted. Opts: (null)
ystems...
[   15.128299] systemd[1]: Starting Uncomplicated firewall...
         Starting Uncomplicated firewall...
[   15.136459] systemd[1]: Mounting Debug File System...
         Mounting Debug File System...
[   15.178180] iscsi: registered transport (iser)
[   15.181273] systemd[1]: Mounted POSIX Message Queue File System.
[[0;32m  OK  [0m] Mounted POSIX Message Queue File System.
[   15.193146] systemd[1]: Mounted Debug File System.
[[0;32m  OK  [0m] Mounted Debug File System.
[   15.209971] systemd[1]: Mounted Huge Pages File System.
[[0;32m  OK  [0m] Mounted Huge Pages File System.
[   15.215072] systemd[1]: Started Journal Service.
[[0;32m  OK  [0m] Started Journal Service.
[[0;32m  OK  [0m] Started Create list of required sta...ce nodes for the current kernel.
[[0;32m  OK  [0m] Started Load Kernel Modules.
[[0;32m  OK  [0m] Started Remount Root and Kernel File Systems.
[[0;32m  OK  [0m] Started Set console keymap.
[[0;32m  OK  [0m] Started Uncomplicated firewall.
[[0;32m  OK  [0m] Started Nameserver information manager.
[[0;32m  OK  [0m] Started LVM2 metadata daemon.
         Starting udev Coldplug all Devices...
         Starting Load/Save Random Seed...
         Starting Apply Kernel Variables...
         Mounting FUSE Control File System...
         Starting Create Static Device Nodes in /dev...
         Starting Flush Journal to Persistent Storage...
[[0;32m  OK  [0m] Mounted FUSE Control File System.
[[0;32m  OK  [0m] Started Monitoring of LVM2 mirrors,...ng dmeventd or progress polling.
[[0;32m  OK  [0m] Started Load/Save Random Seed.
[[0;32m  OK  [0m] Started Apply Kernel Variables.
[[0;32m  OK  [0m] Started Create Static Device Nodes in /dev.
[[0;32m  OK  [0m] Started udev Coldplug all Devices.
[[0;32m  OK  [0m] Started Flush Journal to Persistent Storage.
         Starting udev Kernel Device Manager...
[[0;32m  OK  [0m] Reached target Local File Systems (Pre).
[[0;32m  OK  [0m] Reached target Local File Systems.
         Starting LSB: AppArmor initialization...
         Starting Initial cloud-init job (pre-networking)...
         Starting Set console font and keymap...
         Starting Commit a transient machine-id on disk...
         Starting Create Volatile Files and Directories...
         Starting Tell Plymouth To Write Out Runtime Data...
[[0;32m  OK  [0m] Started Create Volatile Files and Directories.
[[0;32m  OK  [0m] Started Tell Plymouth To Write Out Runtime Data.
[[0;32m  OK  [0m] Started Commit a transient machine-id on disk.
[[0;32m  OK  [0m] Started udev Kernel Device Manager.
[[0;32m  OK  [0m] Started Dispatch Password Requests to Console Directory Watch.
         Starting Update UTMP about System Boot/Shutdown...
[[0;32m  OK  [0m] Started Update UTMP about System Boot/Shutdown.
[[0;32m  OK  [0m] Found device /dev/ttyS0.
[[0;32m  OK  [0m] Listening on Load/Save RF Kill Switch Status /dev/rfkill Watch.
[[0;32m  OK  [0m] Started Set console font and keymap.
[   15.294129] cloud-init[467]: Cloud-init v. 18.5-45-g3554ffe8-0ubuntu1~16.04.1 running 'init-local' at Mon, 29 Apr 2019 01:32:44 +0000. Up 14.27 seconds.
[[0;32m  OK  [0m] Started Initial cloud-init job (pre-networking).
[[0;32m  OK  [0m] Reached target Network (Pre).
[[0;32m  OK  [0m] Created slice system-getty.slice.
[[0;32m  OK  [0m] Started LSB: AppArmor initialization.
         Starting Raise network interfaces...
[[0;32m  OK  [0m] Started Raise network interfaces.
         Starting Initial cloud-init job (metadata service crawler)...
[[0;32m  OK  [0m] Reached target Network.
[   19.627602] cloud-init[947]: Cloud-init v. 18.5-45-g3554ffe8-0ubuntu1~16.04.1 running 'init' at Mon, 29 Apr 2019 01:32:48 +0000. Up 18.47 seconds.
[   19.645955] cloud-init[947]: ci-info: ++++++++++++++++++++++++++++++++++++++Net device info+++++++++++++++++++++++++++++++++++++++
[   19.658448] cloud-init[947]: ci-info: +--------+-------+----------------------------+---------------+--------+-------------------+
[   19.665283] cloud-init[947]: ci-info: | Device |   Up  |          Address           |      Mask     | Scope  |     Hw-Address    |
[   19.688988] cloud-init[947]: ci-info: +--------+-------+----------------------------+---------------+--------+-------------------+
[   19.744626] [[0;32m  OK  [0m] Started Initial cloud-init job (metadata service crawler).
cloud-init[947]: ci-info: | enp0s3 |  True |         10.0.2.15          | 255.255.255.0 | global | 02:5f:df:de:53:76 |
[   19.798379] cloud-init[947]: ci-info: | enp0s3 |  True | fe80::5f:dfff:fede:5376/64 |       .       |  link  | 02:5f:df:de:53:76 |
[[0;32m  OK  [0m] Reached target System Initialization.
[   19.804161] [[0;32m  OK  [0m] Listening on D-Bus System Message Bus Socket.
[[0;32m  OK  [0m] Listening on UUID daemon activation socket.
[[0;32m  OK  [0m] Started Daily Cleanup of Temporary Directories.
cloud-init[947]: ci-info: | enp0s8 | False |             .              |       .       |   .    | 08:00:27:60:76:6c |
[   19.863076]          Starting LXD - unix socket.
[[0;32m  OK  [0m] Started Daily apt download activities.
[[0;32m  OK  [0m] Listening on ACPID Listen Socket.
cloud-init[947]: ci-info: |   lo   |  True |         127.0.0.1          |   255.0.0.0   |  host  |         .         |
[   19.901302] [[0;32m  OK  [0m] Started ACPI Events Check.
[[0;32m  OK  [0m] Reached target Paths.
cloud-init[947]: ci-info: |   lo   |  True |          ::1/128           |       .       |  host  |         .         |
[[0;32m  OK  [0m] Started Daily apt upgrade and clean activities.
[   19.983385] cloud-init[[0;32m  OK  [0m] Reached target Timers.
[947]: ci-info: +--------+-------+----------------------------+---------------+--------+-------------------+
[   20.090182]          Starting Socket activation for snappy daemon.
[[0;32m  OK  [0m] Reached target Cloud-config availability.
cloud-init[947]: ci-info: +++++++++++++++++++++++++++Route IPv4 info++++++++++++++++++++++++++++
[   20.124126] [[0;32m  OK  [0m] Reached target Network is Online.
cloud-init[947]: ci-info: +-------+-------------+----------+---------------+-----------+-------+
[   20.158951] cloud-init[947]: ci-info: | Route | Destination | Gateway  |    Genmask    | Interface | Flags |
         Starting iSCSI initiator daemon (iscsid)...
[   20.162086] cloud-init[947]: ci-info: +-------+-------------+----------+---------------+-----------+-------+
[   20.220878] [[0;32m  OK  [0m] Listening on LXD - unix socket.
[[0;32m  OK  [0m] Listening on Socket activation for snappy daemon.
cloud-init[947]: ci-info: |   0   |   0.0.0.0   | 10.0.2.2 |    0.0.0.0    |   enp0s3  |   UG  |
[   20.263523] [[0;32m  OK  [0m] Started iSCSI initiator daemon (iscsid).
cloud-init[947]: ci-info: |   1   |   10.0.2.0  | 0.0.0.0  | 255.255.255.0 |   enp0s3  |   U   |
[   20.296755] cloud-init[947]: ci-info: +-------+-------------+----------+---------------+-----------+-------+
[   20.307738] cloud-init[947]: ci-info: +++++++++++++++++++Route IPv6 info+++++++++++++++++++
[   20.308389] cloud-init[947]: ci-info: +-------+-------------+---------+-----------+-------+
[   20.308811] cloud-init[947]: ci-info: | Route | Destination | Gateway | Interface | Flags |
         Starting Login to default iSCSI targets...
[   20.309666] cloud-init[947]: ci-info: +-------+-------------+---------+-----------+-------+
[   20.455394] cloud-init[947]: ci-info: |   0   |  fe80::/64  |    ::   |   enp0s3  |   U   |
[[0;32m  OK  [0m] Reached target Sockets.
[   20.462018] cloud-init[947]: ci-info: |   3   |   ff00::/8  |    ::   |   enp0s3  |   U   |
[   20.736699] cloud-init[947]: ci-info: +-------+-------------+---------+-----------+-------+
[   20.738304] cloud-init[947]: Generating public/private rsa key pair.
[[0;32m  OK  [0m] Reached target Basic System.
[   20.739853] cloud-init[947]: Your identification has been saved in /etc/ssh/ssh_host_rsa_key.
[   20.808400] cloud-init[947]: Your public key has been saved in /etc/ssh/ssh_host_rsa_key.pub.
[   20.809876] cloud-init[947]: The key fingerprint is:
[[0;32m  OK  [0m] Started Unattended Upgrades Shutdown.
[   20.810332] cloud-init[947]: SHA256:lU8+v+/rwSwzJa4RXU2fvtwpfURm7eM7kxniPX+ooCU root@ubuntu-xenial
[   20.871353] cloud-init[947]: The key's randomart image is:
[[0;32m  OK  [0m] Started FUSE filesystem for LXC.
[   20.914020] cloud-init[947]: +---[RSA 2048]----+
[   20.948839]          Starting Accounts Service...
cloud-init         Starting LXD - container startup/shutdown...
[947]: |                .|
[   20.979321] cloud-init[947]: |           .   .=|
[   20.981040] cloud-init[947]: |          o .  oB|
[[0;32m  OK  [0m] Started Regular background program processing daemon.
[   20.983366] cloud-init[947]: |         . +. o= |
[   21.029970]          Starting System Logging Service...
cloud-init         Starting LSB: Record successful boot for GRUB...
[947]: |        S  .+o +o|
[[0;32m  OK  [0m] Started ACPI event daemon.
[   21.040328] cloud-init[947]: |            o+Oo=|
[   21.101388]          Starting Login Service...
cloud-init         Starting /etc/rc.local Compatibility...
[947]: |        E o..*+@*|
[   21.125971]          cloud-initStarting LSB: MD monitoring daemon...[947]: 
|         + .o.*O=|
[   21.134602] cloud-init[947]: |        .  ...o*@|
[   21.145042]          cloud-initStarting Virtualbox guest utils...[947]: 
+----[SHA256]-----+
[   21.147542] cloud-init[947]: Generating public/private dsa key pair.
[   21.210602]          Starting Snappy daemon...
cloud-init[[0;32m  OK  [0m] Started D-Bus System Message Bus.
[947]: Your identification has been saved in /etc/ssh/ssh_host_dsa_key.
[   21.237122] cloud-init[947]: Your public key has been saved in /etc/ssh/ssh_host_dsa_key.pub.
[   21.306089] cloud-init[947]: The key fingerprint is:
[   21.308866] cloud-init[947]: SHA256:PmlljXrTXXP4EMZOBCGQhkmRLt1VKwYmwFJNJ47gbkM root@ubuntu-xenial
[   21.321661] cloud-init[947]: The key's randomart image is:
[   21.325721] cloud-init[947]: +---[DSA 1024]----+
[   21.336766] [[0;32m  OK  [0m] Started Deferred execution scheduler.
cloud-init[947]: |  .oo=*==o..+o.  |
[   21.383124]          Starting Pollinate to seed the pseudo random number generator...
cloud-init[947]: | ....o==o... +   |
[[0;32m  OK  [0m] Started System Logging Service.
[   21.438204] cloud-init[[0;32m  OK  [0m] Started LXD - container startup/shutdown.
[[0;32m  OK  [0m] Started /etc/rc.local Compatibility.
[947]: |  E..o.o .o . =  |
[   21.472989] cloud-init[947]: | o  . o .. + + o |
[   21.480135] cloud-init[947]: |  +  .  S + . +.o|
[   21.486885] cloud-init[947]: | . .   . = . . +o|
[   21.490889] cloud-init[947]: |        * o . . .|
[   21.496318] cloud-init[947]: |       . o .     |
[   21.530122] [[0;32m  OK  [0m] Started Login to default iSCSI targets.
[[0;32m  OK  [0m] Started Snappy daemon.
cloud-init[947]: |                 |
[   21.558198] cloud-init[947]: +----[SHA256]-----+
[   21.589393] cloud-init[947]: Generating public/private ecdsa key pair.
[   21.598011] cloud-init[947]: Your identification has been saved in /etc/ssh/ssh_host_ecdsa_key.
[   21.622071] [[0;32m  OK  [0m] Started LSB: Record successful boot for GRUB.
cloud-init[947]: Your public key has been saved in /etc/ssh/ssh_host_ecdsa_key.pub.
[   21.642036] cloud-init[947]: The key fingerprint is:
[   21.673010] cloud-init[947]: SHA256:mj8B8w8DRA53j5QGJY28sOjHMllFrOdLAR6j2cnK3Y4 root@ubuntu-xenial
[   21.690079] [cloud-init[0;32m  OK  [0m[947]: ] The key's randomart image is:Started LSB: MD monitoring daemon.

[   21.724225] [[0;32m  OK  [0m] Started Login Service.
cloud-init[947]: +---[ECDSA 256]---+
[   21.734011] cloud-init[947]: |    .=*=+.       |
[   21.736497] cloud-init[947]: |    =+*++o       |
[   21.740677] cloud-init[947]: |   B @.o. .      |
         Starting Authenticate and Authorize Users to Run Privileged Tasks...
[   21.759981]          Starting Wait until snapd is fully seeded...
[[0;32m  OK  [0m] Reached target Remote File Systems (Pre).
[[0;32m  OK  [0m] Reached target Remote File Systems.
cloud-init[947]: |  + O B          |
[   21.806067]          Starting Permit User Sessions...
cloud-init[947]: | o * + *S        |
[   21.812882] cloud-init[947]: |  B + +o=        |
[   21.821065] cloud-init[947]: |   + +o. =       |
[   21.823453] cloud-init[947]: |    E o.. .      |
[   21.825831] cloud-init[947]: |        ..       |
         Starting LSB: Set the CPU Frequency Scaling governor to "ondemand"...
         Starting LSB: automatic crash report generation...[   21.839380] cloud-init[947]: +----[SHA256]-----+
[   21.845561] cloud-init[947]: Generating public/private ed25519 key pair.
[   21.845829] cloud-init[947]: Your identification has been saved in /etc/ssh/ssh_host_ed25519_key.
[   21.846170] cloud-init[947]: Your public key has been saved in /etc/ssh/ssh_host_ed25519_key.pub.
[   21.846534] cloud-init[947]: The key fingerprint is:
[   21.846855] cloud-init[947]: SHA256:DsKTLL9k+zZhz5PlSPSTCRpkNF5aBGkLGPHY3q2Ceh0 root@ubuntu-xenial
[   21.847195] cloud-init[947]: The key's randomart image is:

         Starting LSB: daemon to balance interrupts for SMP systems...
[[0;32m  OK  [0m] Started Virtualbox guest utils.
[[0;32m  OK  [0m] Started Permit User Sessions.
[[0;32m  OK  [0m] Started Authenticate and Authorize Users to Run Privileged Tasks.
[[0;32m  OK  [0m] Started Accounts Service.
[   21.848864] cloud-init[947]: +--[ED25519 256]--+
[   21.968625] cloud-init[947]: |  o+ .+++        |
[   21.971688] cloud-init[947]: |  .+..==         |
[   21.977227] cloud-init[947]: |  . o=o.         |
[   21.984671] cloud-init[947]: |   + oo.o        |
[   22.003930] cloud-init[947]: |  . B o+So o     |
[   22.010454] cloud-init[947]: |   +Eo++. *      |
[   22.012744] cloud-init[947]: |  ..=o.=.= .     |
[[0;32m  OK  [0m] Started LSB: Set the CPU Frequency Scaling governor to "ondemand".
[   22.018949] cloud-init[947]: | ..o.+o * .      |
[   22.040764] cloud-init[947]: |..  oo.. .       |
[   22.057922] cloud-init[947]: +----[SHA256]-----+
         Starting Hold until boot process finishes up...
         Starting Terminate Plymouth Boot Screen...
[[0;32m  OK  [0m] Started LSB: automatic crash report generation.
[[0;32m  OK  [0m] Started LSB: daemon to balance interrupts for SMP systems.
[[0;32m  OK  [0m] Started Hold until boot process finishes up.
[[0;32m  OK  [0m] Started Terminate Plymouth Boot Screen.
         Starting Set console scheme...
[[0;32m  OK  [0m] Started Getty on tty1.
[[0;32m  OK  [0m] Started Serial Getty on ttyS0.
[[0;32m  OK  [0m] Reached target Login Prompts.
[[0;32m  OK  [0m] Started Set console scheme.
[[0;32m  OK  [0m] Started Pollinate to seed the pseudo random number generator.
         Starting OpenBSD Secure Shell server...
[[0;32m  OK  [0m] Started OpenBSD Secure Shell server.
[[0;32m  OK  [0m] Created slice User Slice of vagrant.
         Starting User Manager for UID 1000...
[[0;32m  OK  [0m] Started Session 1 of user vagrant.
[[0;32m  OK  [0m] Started User Manager for UID 1000.

Ubuntu 16.04.6 LTS ubuntu-xenial ttyS0

ubuntu-xenial login: [   34.783912] cloud-init[1671]: Generating locales (this might take a while)...
[[0;32m  OK  [0m] Started ACPI event daemon.
[[0;32m  OK  [0m] Started ACPI event daemon.
[[0;32m  OK  [0m] Started ACPI event daemon.
[[0;32m  OK  [0m] Started ACPI event daemon.
[[0;32m  OK  [0m] Started ACPI event daemon.
[[0;32m  OK  [0m] Started ACPI event daemon.
[   37.953655] cloud-init[1671]:   en_US.UTF-8... done
[   37.956663] cloud-init[1671]: Generation complete.
[   38.676258] cloud-init[1671]: Cloud-init v. 18.5-45-g3554ffe8-0ubuntu1~16.04.1 running 'modules:config' at Mon, 29 Apr 2019 01:33:04 +0000. Up 34.46 seconds.
[[0;32m  OK  [0m] Started Apply the settings specified in cloud-config.
         Starting Execute cloud user/final scripts...
ci-info: no authorized ssh keys fingerprints found for user ubuntu.
<14>Apr 29 01:33:10 ec2: 
<14>Apr 29 01:33:10 ec2: #############################################################
<14>Apr 29 01:33:10 ec2: -----BEGIN SSH HOST KEY FINGERPRINTS-----
<14>Apr 29 01:33:10 ec2: 1024 SHA256:PmlljXrTXXP4EMZOBCGQhkmRLt1VKwYmwFJNJ47gbkM root@ubuntu-xenial (DSA)
<14>Apr 29 01:33:10 ec2: 256 SHA256:mj8B8w8DRA53j5QGJY28sOjHMllFrOdLAR6j2cnK3Y4 root@ubuntu-xenial (ECDSA)
<14>Apr 29 01:33:10 ec2: 256 SHA256:DsKTLL9k+zZhz5PlSPSTCRpkNF5aBGkLGPHY3q2Ceh0 root@ubuntu-xenial (ED25519)
<14>Apr 29 01:33:10 ec2: 2048 SHA256:lU8+v+/rwSwzJa4RXU2fvtwpfURm7eM7kxniPX+ooCU root@ubuntu-xenial (RSA)
<14>Apr 29 01:33:10 ec2: -----END SSH HOST KEY FINGERPRINTS-----
<14>Apr 29 01:33:10 ec2: #############################################################
-----BEGIN SSH HOST KEY KEYS-----
ecdsa-sha2-nistp256 AAAAE2VjZHNhLXNoYTItbmlzdHAyNTYAAAAIbmlzdHAyNTYAAABBBCVarsQvr8CxwgpF1nl5hep79Y8kby5t7/u+4eI3J0VEPbmwZqxctb1pjSmfy2qUk1pqDhu32CpAY5Ctyew8Ox4= root@ubuntu-xenial
ssh-ed25519 AAAAC3NzaC1lZDI1NTE5AAAAIB2yMXJni6K07YO6en5eeQ2R12vAe/dlKJPh26vSyEmz root@ubuntu-xenial
ssh-rsa AAAAB3NzaC1yc2EAAAADAQABAAABAQC+w3es+NPpOGqrb2xrl8qiigb+cvfQqscxlGLzocBwVvM74nB7Z6WyjS1+Cd14oChrrLMIdRHxUsXlFm8RoZ67ePFo8mweoy0pp9T3jPcok2Gs7/tGqJIctLrO4esXg71lbYcZMQ1X5gYPrZcsTHoxCIHfExJZKFXMlPjxClZm07rvyi+9aSdD/sil6sakEhiyeL1+FHLQnj6gx+ctPiwZBNdGyFya1jpw/VggvBSRlxu5femHHwKEN/v4UWRWowQ6/Ybgoh5sIHQhr3B2/yHD2CYz6erTJPdTWOXUVKOAAm0X01QbadLgI4LyGYTFR4PIt4O5fWjhe3qVhHir3bMt root@ubuntu-xenial
-----END SSH HOST KEY KEYS-----
[   40.055588] cloud-init[2119]: Cloud-init v. 18.5-45-g3554ffe8-0ubuntu1~16.04.1 running 'modules:final' at Mon, 29 Apr 2019 01:33:09 +0000. Up 39.65 seconds.
[   40.055997] cloud-init[2119]: ci-info: no authorized ssh keys fingerprints found for user ubuntu.
[   40.056526] cloud-init[2119]: Cloud-init v. 18.5-45-g3554ffe8-0ubuntu1~16.04.1 finished at Mon, 29 Apr 2019 01:33:10 +0000. Datasource DataSourceNoCloud [seed=/dev/sdb][dsmode=net].  Up 40.03 seconds
[[0;32m  OK  [0m] Started Execute cloud user/final scripts.
[[0;32m  OK  [0m] Reached target Cloud-init target.
