[    0.000000] Initializing croup subsys cpuset
[    0.000000] Initializing cgroup subsys cpu
[    0.000000] Initializing cgroup subsys cpuacct
[    0.000000] Linux version 4.4.0-146-generic (buildd@lcy01-amd64-025) (gcc version 5.4.0 20160609 (Ubuntu 5.4.0-6ubuntu1~16.04.10) ) #172-Ubuntu SMP Wed Apr 3 09:00:08 UTC 2019 (Ubuntu 4.4.0-146.172-generic 4.4.177)
[    0.000000] Command line: BOOT_IMAGE=/boot/vmlinuz-4.4.0-146-generic root=LABEL=cloudimg-rootfs ro console=tty1 console=ttyS0
[    0.000000] KERNEL supported cpus:
[    0.000000]   Intel GenuineIntel
[    0.000000]   AMD AuthenticAMD
[    0.000000]   Centaur CentaurHauls
[    0.000000] x86/fpu: xstate_offset[2]:  576, xstate_sizes[2]:  256
[    0.000000] x86/fpu: Supporting XSAVE feature 0x01: 'x87 floating point registers'
[    0.000000] x86/fpu: Supporting XSAVE feature 0x02: 'SSE registers'
[    0.000000] x86/fpu: Supporting XSAVE feature 0x04: 'AVX registers'
[    0.000000] x86/fpu: Enabled xstate features 0x7, context size is 832 bytes, sing 'standard' format.
[    0.000000] e820: BIOS-provided physical RAM map:
[    0.000000] BIOS-820: [mem 0x0000000000000000-0x00000000009bff] usable
[    0.000000] BIOS-e820: [mem 0x000000000009fc00-0x000000000009ffff] reserved
[    0.000000] BIOS-e820: [mem 0x00000000000f0000-0x00000000000fffff] reserved
    0.000000] BIOS-e820: [mem 0x0000000000100000-0x000000003ffeffff] usable
    0.000000] BIOS-e820: [mem 0x000000003fff0000-0x000000003fffffff] ACPI data
[    0.000000] BIOS-e820: [mem 0x00000000fec00000-0x00000000fec00fff] reserved
[    0.000000] BIOS-e820: [mem 0x00000000fee00000-0x00000000fee00fff] reseved
[    0.000000] BIOS-e820: [mem 0x00000000fffc000-0x00000000ffffffff] reserved
[    0.000000] NX (Execute Disable) protection: active
[    0.000000] SMBIOS 2.5 present.
[    0.000000] Hypervisor detected: KVM
[    0.000000] e820: last_pfn = 0x3fff0 max_arch_pfn = 0x400000000
[    0.000000] MTRR: Disabled
[    0.000000] x86/PAT: MTRRs disabled, skipping PAT initialization too.
[    0.000000] CPU MTRRs all blank - virtualized system.
[    0.000000] x86/PAT: Configuration [0-7]: WB  WT  UC- UC  WB  WT  UC- UC  
[    0.000000] found SMP MP-table at [mem 0x0009fff0-0x0009ffff] mapped at [ffff88000009fff0]
[    0.000000] canning 1 areas for low memory corruption
[    0.000000] RAMDISK: [mem 0x362fc000-0x37175fff]
[    0.000000] ACPI: Early able checksum verification disabled
[    0.000000] ACPI: RSDP 0x00000000000E0000 000024 (v02 VBOX  )
[    0.00000] ACPI: XSDT0x000000003FFF0030 00003C (v01 VBOX   VBOXXSDT 00000001 ASL  00000061)
[    0.000000] ACPI: FACP 0x000000003FFF00F0 0000F4 (v04 VBOX   VBOXFACP 00000001 ASL  00000061)
[    0.000000] ACPI: DSDT 0x000000003FFF0470 0021FF (v02 VBOX   VBOXBIOS 00000002 INTL 20100528)
[    0.00000] ACPI: FACS 0x000000003FFF0200 000040
[    0.000000] ACPI: FACS 0x000000003FFF0200 000040
[    0.000000] ACPI: APIC 0x000000003FFF0240 00005C (v02 VBOX   VBOXAPIC 00000001 ASL  00000061)
[    0.000000] ACPI: SST 0x00000003FFF02A0 0001CC (v01 VBOX   VBOXCPUT 00000002 INTL 20100528)
[    0.000000] No NUMA configuration found
[    0.000000] Faking a node at [mem 0x0000000000000000-0x000000003ffeffff]
[    0.00000]NODE_DATA(0) allocated [mem 0x3ffeb000-0x3ffeffff]
[    0.000000] kvm-clock: Using msrs 4b564d01 and 4b564d00
[    0.000000 kvm-clock: cpu 0, msr 0:3ffe3001, primary cpu clock
[   0.000000] kvm-clock: using sched offset of 4412535165 cycles
[    0.000000] clocksource: kvm-clock: mask: 0xffffffffffffffff max_cycles: 0x1cd42e4dffb, max_dle_ns: 881590591483 ns
[   0.000000] Zone ranges:
[    0.000000]   DMA      [mem 0x0000000000001000-0x0000000000ffffff]
[    0.000000]   DMA32    [mem 0x0000000001000000-0x000000003ffeffff]
[    0.000000]   Normal   empty
[    0.000000]   Device   empty
[    0.000000] Movable zone start for each node
[    0.000000] Early memory node ranges
[    0.000000]   node   0: [mem 0x0000000000001000-0x000000000009efff]
[    0.000000]   node   0: [mem 0x0000000000100000-0x000000003ffeffff]
[    0.000000] Initmem setup node 0 [mem 0x0000000000001000-0x000000003ffeffff]
[    0.000000] ACPI: PM-Timer IO Port: 0x4008
[    0.000000] IOAPIC[0]: apic_id 2, version 32, address 0xfec00000, GSI 0-23
[    0.000000] ACPI: INT_SRC_OVR (bus 0 bus_irq 0 global_irq 2 dfl dfl)
[    0.000000] ACPI: INT_SRC_OVR (bus 0 bus_irq 9 global_irq 9 low level)
[    0.000000] Using ACPI (MADT) for SMP configuration information
[    0.000000] smpboot: Allowing 2 CPUs, 0 hotplug CPUs
[    0.000000] PM: Registered nosave memory: [mem 0x00000000-0x00000fff]
[    0.000000] PM: Registered nosave memory: [mem 0x0009f000-0x0009ffff]
[    0.000000] PM: Registered nosave memory: [mem 0x000a0000-0x000effff]
[    0.000000] PM: Registered nosave memory: [mem 0x000f0000-0x000fffff]
[    0.000000] e820: [mem 0x40000000-0xfebfffff] available for PCI devices
[    0.000000] Booting paravirtualized kernel on KVM
[    0.000000] clocksource: refined-jiffies: mask: 0xffffffff max_cycles: 0xffffffff, max_idle_ns: 7645519600211568 ns
[    0.000000] setup_percpu: NR_CPUS:512 nr_cpumask_bits:512 nr_cpu_ids:2 nr_node_ids:1
[    0.000000] PERCPU: Embedded 34 pages/cpu @ffff88003f00000 s99480 r8192 d31592 u1048576
[    0.000000] Built 1 zonelists in Node order, mobility grouping on.  Total pages: 257912
[    0.000000] Policy zone: DMA32
[    0.000000] Kernel command line: BOOT_IMAGE=/boot/vmlinuz-4.4.0-146-generic root=LABEL=cloudimg-rootfs ro console=tty1 console=ttyS0
[    0.000000] PID hash table entries: 406 (order: 3, 32768 bytes)
[    0.000000] Memory: 997736K/1048120K available (8609K kernel code, 1334K rwdata, 4028K rodata, 1484K init, 1284K bss, 50384K reserved, 0K cma-reserved)
[    0.000000] SLUB: HWalign=64, Order=0-3, MinObjects=0, CPUs=2, Nodes=1
[    .000000] Kernel/User page tables isolation: enabled
[    0.000000] Hierarchical RCU implementation.
[    0.000000] 	Build-time adjustment of leaf fanout to 64.
[    0.000000] 	RCU restricting CPUs from NR_CPUS=512 to nr_cpu_ids=2.
[    0.000000] RCU: Adjusting geometry for rcu_fanout_leaf=64, nr_cpu_ids=2
[    0.000000] NR_IRQS:33024 nr_irqs:440 16
[    0.000000] Console: colour VGA+ 80x25
[    0.000000] console [tty1] enabled
[    0.000000] console [ttyS0 enabled
[    0.000000] tsc: Detected 2394.454 MHz processor
[    1.745734] Calibrating delay loop (skipped) preset value.. 4788.90 BogoMIPS (lpj=9577816)
[    1.752411] pid_max: default: 32768 minimum: 301
[    1.764518] ACPI: Core revision 20150930
[    1.778040] ACPI: 2 ACPI AML tables successfully acquired and loaded
[    1.793649] Security Framework initialized
[    1.799539] Yama: becoming mindful.
[    1.808620] AppArmor: AppArmor initialized
[    1.816890] Dentry cache hash table entries: 131072 (order: 8, 1048576 bytes)
[    1.840589] Inode-cache hash table entries: 65536 (order: 7, 524288 bytes)
[    1.848223] Mount-cache hash table entries: 2048 (order: 2, 16384 bytes)
[    1.854336] Mountpoint-cache hash table entries: 2048 (order: 2, 16384 bytes)
[    1.861720] Initializing cgroup subsys io
[    1.863782] Initializing cgroup subsys memory
[    1.867897] Initializing cgroup subsys devices
[    1.869898] Initializing cgroup subsys freezer
[    1.872062] Initializing cgroup subsys net_cls
[    1.876252] Initializing cgroup subsys perf_event
[    1.882155] Initializing cgroup subsys net_prio
[    1.889214] Initializing cgroup subsys hugetlb
[    1.897301] Initializing cgroup subsys pids
[    1.901367] mce: CPU supports 0 MCE banks
[    1.903925] Last level iTLB entries: 4KB 64, 2MB 8, 4MB 8
[    1.909092] Last level dTLB entries: 4KB 64, 2MB 0, 4MB 0, 1GB 4
[    1.923666] Spectre V2 : Mitigation: Full generic retpoline
[    1.933483] Spectre V2 : Spectre v2 / SpectreRSB mitigation: Filling RSB on context switch
[    1.939252] Speculative Store Bypass: Vulnerable
[    1.946073] Freeing SMP alternatives memory: 36K
[    1.966907] ftrace: allocating 32287 entries in 127 pages
[    2.072982] smpboot: APIC(0) Converting physical 0 to logical package 0
[    2.085518] smpboot: Max logical packages: 1
[    2.092585] x2apic enabled
[    2.101053] Switched APIC routing to physical x2apic.
[    2.107553] ..TIMER: vector=0x30 apic1=0 pin1=2 apic2=-1 pin2=-1
[    2.214450] smpboot: CPU0: Intel(R) Core(TM) i7-5500U CPU @ 2.40GHz (family: 0x6, model: 0x3d, stepping: 0x4)
[    2.224887] Performance Events: unsupported p6 CPU model 61 no PMU driver, software events only.
[    2.245316] KVM setup paravirtual spinlock
[    2.253959] x86: Booting SMP configuration:
[    2.268446] .... node  #0, CPUs:      #1
[    2.275284] kvm-clock: cpu 1, msr 0:3ffe3041, secondary cpu clock
[    2.278499] mce: CPU supports 0 MCE banks
[    2.281863] x86: Booted up 1 node, 2 CPUs
[    2.289323] smpboot: Total of 2 processors activated (9577.81 BogoMIPS)
[    2.294824] devtmpfs: initialized
[    2.311293] evm: security.selinux
[    2.313578] evm: security.SMACK64
[    2.326824] evm: security.SMACK64EXEC
[    2.328589] evm: security.SMACK64TRANSMUTE
[    2.336840] evm: security.SMACK64MMAP
[    2.339832] evm: security.ima
[    2.341582] evm: security.capability
[    2.350325] clocksource: jiffies: mask: 0xffffffff max_cycles: 0xffffffff, max_idle_ns: 7645041785100000 ns
[    2.359518] futex hash table entries: 512 (order: 3, 32768 bytes)
[    2.364342] pinctrl core: initialized pinctrl subsystem
[    2.366942] RTC time:  1:21:37, date: 04/29/19
[    2.371877] NET: Registered protocol family 16
[    2.386822] cpuidle: using governor ladder
[    2.406268] cpuidle: using governor menu
[    2.416789] PCCT header not found.
[    2.419309] ACPI: bus type PCI registered
[    2.421715] acpiphp: ACPI Hot Plug PCI Controller Driver version: 0.5
[    2.435718] PCI: Using configuration type 1 for base access
[    2.455750] ACPI: Added _OSI(Module Device)
[    2.459683] ACPI: Added _OSI(Processor Device)
[    2.462015] ACPI: Added _OSI(3.0 _SCP Extensions)
[    2.464174] ACPI: Added _OSI(Processor Aggregator Device)
[    2.468349] ACPI: Executed 1 blocks of module-level executable AML code
[    2.486708] ACPI: Interpreter enabled
[    2.490004] ACPI: (supports S0 S5)
[    2.491725] ACPI: Using IOAPIC for interrupt routing
[    2.499652] PCI: Using host bridge windows from ACPI; if necessary, use "pci=nocrs" and report a bug
[    2.518880] ACPI: PCI Root Bridge [PCI0] (domain 0000 [bus 00-ff])
[    2.523584] acpi PNP0A03:00: _OSC: OS supports [ASPM ClockPM Segments MSI]
[    2.526926] acpi PNP0A03:00: _OSC: not requesting OS control; OS requires [ExtendedConfig ASPM ClockPM MSI]
[    2.532356] acpi PNP0A03:00: fail to add MMCONFIG information, can't access extended PCI configuration space under this bridge.
[    2.539108] PCI host bridge to bus 0000:00
[    2.541981] pci_bus 0000:00: root bus resource [io  0x0000-0x0cf7 window]
[    2.545383] pci_bus 0000:00: root bus resource [io  0x0d00-0xffff window]
[    2.548989] pci_bus 0000:00: root bus resource [mem 0x000a0000-0x000bffff window]
[    2.553618] pci_bus 0000:00: root bus resource [mem 0x40000000-0xfdffffff window]
[    2.561939] pci_bus 0000:00: root bus resource [bus 00-ff]
[    2.569862] pci 0000:00:01.1: legacy IDE quirk: reg 0x10: [io  0x01f0-0x01f7]
[    2.573084] pci 0000:00:01.1: legacy IDE quirk: reg 0x14: [io  0x03f6]
[    2.576465] pci 0000:00:01.1: legacy IDE quirk: reg 0x18: [io  0x0170-0x0177]
[    2.582539] pci 0000:00:01.1: legacy IDE quirk: reg 0x1c: [io  0x0376]
[    2.614012] pci 0000:00:07.0: quirk: [io  0x4000-0x403f] claimed by PIIX4 ACPI
[    2.618806] pci 0000:00:07.0: quirk: [io  0x4100-0x410f] claimed by PIIX4 SMB
[    2.673203] ACPI: PCI Interrupt Link [LNKA] (IRQs 5 9 10 *11)
[    2.680902] ACPI: PCI Interrupt Link [LNKB] (IRQs 5 9 *10 11)
[    2.692583] ACPI: PCI Interrupt Link [LNKC] (IRQs 5 *9 10 11)
[    2.701219] ACPI: PCI Interrupt Link [LNKD] (IRQs 5 9 10 *11)
[    2.710190] ACPI: Enabled 2 GPEs in block 00 to 07
[    2.720984] vgaarb: setting as boot device: PCI:0000:00:02.0
[    2.730336] vgaarb: device added: PCI:0000:00:02.0,decodes=io+mem,owns=io+mem,locks=none
[    2.734380] vgaarb: loaded
[    2.737109] vgaarb: bridge control possible 0000:00:02.0
[    2.740010] SCSI subsystem initialized
[    2.748856] ACPI: bus type USB registered
[    2.756947] usbcore: registered new interface driver usbfs
[    2.771510] usbcore: registered new interface driver hub
[    2.775669] usbcore: registered new device driver usb
[    2.778561] PCI: Using ACPI for IRQ routing
[    2.781347] NetLabel: Initializing
[    2.783032] NetLabel:  domain hash size = 128
[    2.785020] NetLabel:  protocols = UNLABELED CIPSOv4
[    2.793532] NetLabel:  unlabeled traffic allowed by default
[    2.804633] amd_nb: Cannot enumerate AMD northbridges
[    2.808697] clocksource: Switched to clocksource kvm-clock
[    2.841992] AppArmor: AppArmor FilesystemEnaled
[   2.922996] pp: PnP ACPI init
[   3.003441] pnp: PnP ACPI: found 3 devices

[    3.060478] clocksource: acpi_pm: mask: 0xffffff max_cycles: 0xffffff, max_idle_ns: 2085701024 ns
[   3.065467] NET: Registered protocol family 2

[    3.106768] TCP established hash table entries: 8192 (order: 4, 65536 bytes)
[    3.11153] CP bind hash table entries: 8192 (order: 5, 131072 bytes)
[   3.191041] TCP: Hash tables configured (established 8192 bind 8192)[   3.68640]UDPhash table entries: 512 (order: 2, 16384 bytes)
[   3.460890] UDP-Lite hash table entries: 512 (order: 2, 16384 bytes)
[    3.501912] NET: Registered protocol family 1
[   3.504139] pci 0000:00:00.0: Limiting direct PCI/PC transfers
[    3.583579] pci 0000:00:01.0: Activating ISA DMA hang workarounds
[    3.586872] Upacking initramfs...

[    4.250821] Freeing initrd memory: 14824K
[    4.253560] RAPL PMU detected, API unit is 2^-32 Joules, 4 fixed counters 10737418240 ms ovfl timer
[    4.260252] hw unit of domain pp0-core 2^-0 Joules
[    4.262398] hw unit of domain package 2^-0 Joules
[    4.278545] hw unit of domain dram 2^-0 Joules
[    4.287114] hw unit of domain pp1-gpu 2^-0 Joules
[    4.290119] platform rtc_cmos: registered platform RTC device (no PNP device found)
[    4.295086] Scanning for low memory corruption every 60 seconds
[    4.299128] audit: initializing netlink subsys (disabled)
[    4.304445] audit: type=2000 audit(1556500903.619:1): initialized
[    4.315925] Initialise system trusted keyring
[    4.319982] HugeTLB registered 2 MB page size, pre-allocated 0 pages
[    4.331579] zbud: loaded
[    4.334407] VFS: Disk quotas dquot_6.6.0
[    4.342535] VFS: Dquot-cache hash table entries: 512 (order 0, 4096 bytes)
[    4.348574] squashfs: version 4.0 (2009/01/31) Phillip Lougher
[    4.356461] fuse init (API version 7.23)
[    4.375519] Key type big_key registered
[    4.377843] Allocating IMA MO  and blacklist keyrings.
[    4.421794] Key type asymmetric registered
[    4.430530] Asymmetric key parser 'x509' registered
[    4.436286] Block layer SCSI generic (bsg) driver version 0.4 loaded (major 249)
[    4.464126] io scheduler noop registered
[    4.466376] io scheduler deadline registered (default)
[    4.478797] io scheduler cfq registered
[    4.490697] pci_hotplug: PCI Hot Plug PCI Core version: 0.5
[    4.505684] pciehp: PCI Express Hot Plug Controller Driver version: 0.4
[    4.510552] ACPI: AC Adapter [AC] (off-line)
[    4.512647] input: Power Button as /devices/LNXSYSTM:00/LNXPWRBN:00/input/input0
[    4.523240] ACPI: Power Button [PWRF]
[    4.525467] input: Sleep Button as /devices/LNXSYSTM:00/LNXSLPBN:00/input/input1
[    4.530991] ACPI: Sleep Button [SLPF]
[    4.533204] GHES: HEST is not enabled!
[    4.534723] ACPI: Battery Slot [BAT0] (battery present)
[    4.543155] Serial: 8250/16550 driver, 32 ports, IRQ sharing enabled
ÿ[    4.580981] 00:02: ttyS0 at I/O 0x3f8 (irq = 4, base_baud = 115200) is a 16550A
[   4595820] Linux gpgart interface v0.103

[    4.717716] loop: module loaded
[    4.727437] scsi host0: ata_piix
[    4.730118] scsi host1: ata_piix
[    4.738079] ata1: PATA max UDMA/33 cmd 0x1f0 ctl 0xf6 bmdma 0xd000 irq 14
[    4.784162] ata2: PATA max UDMA/33 cmd 0x170 ctl 0x376 bmdma 0xd008 irq 15

[    4.788361] libphy: Fixed MDIO Bus: probed
[    4.791376] tun: Universal TUN/TAP device driver, 1.6
[    4.800364] tun: (C) 1999-004 ax rasnyansky <maxk@qualcomm.com>

[    4.921191] PPP generic driver version 2.4.2
[    4.927975] ehci_hcd: USB 2.0 'Enhanced' Host Controller (EHCI) Driver
[    4.944131] ehci-pci: EHCI PCI platform driver
[    4.947190] ehci-platform: EHCI generic platform driver
[    4.949559] ohci_hcd: USB 1.1 'Open' Host Controller (OHCI) Driver
[    4.952895] ohci-pci: OHCI PCI platform driver
[    4.958705] ohci-platform: OHCI generic platform driver
[    4.962426] uhc_hcd: USB Universal Host Conroller Interface driver
[    5.042004] i8042: PNP: PS/2 Controller [PP033:PS2KPNPf03PS2M] at 0x60,0x64 irq ,12
[    5.273871] serio:i8042 KBD port at 0x60,0x64 irq 1
[   5.316069] tsc: Refined TSC clocksource calibration: 2392.966 MHz

[    5.356753] clocksource: tsc: mask: 0xffffffffffffffff max_cycles: 0x227e4292dbf, max_idle_ns: 440795208490 ns
[    5.356873] serio: i8042 AUX port at 0x60,0x64 irq 12
[    5.357136] mousedev: PS/2 mouse device common for all mice
[    5.357711] rtc_cmos rtc_cmos: rtc core: registered rtc_cmos as rtc0
[    5.357856] rtc_cmos rtc_cmos: alarms up to one day, 114 bytes nvram
[    5.357877] i2c /dev entries driver
[    5.358023] device-mapper: uevent: version 1.0.3
[    5.358139] device-mapper: ioctl: 4.34.0-ioctl (2015-10-28) initialised: dm-devel@redhat.com
[    5.358179] ledtrig-cpu: registered to indicate activity on CPUs
[    5.369484] NET: Registered protocol family 10
[    5.369831] NET: Registered protocol family 17
[    5.369842] Key type dns_resolver registered
[    5.370423] registered taskstats version 1
[    5.370451] Loading compiled-in X.509 certificates
[    5.371491] Loaded X.509 cert 'Build time autogenerated kernel key: 4dcb2dc2c7cf43e0c20c44384f68683c20294489'
[    5.371526] zswap: loaded using pool lzo/zbud
[    5.375301] Key type trusted registered
[    5.382044] Key type encrypted registered
[    5.382053] AppArmor: AppArmor sha1 policy hashing enabled
[    5.382057] ima: No TPM chip found, activating TPM-bypass!
[    5.382065] ima: Allocated hash algorithm: sha1
[    5.382087] evm: HMAC attrs: 0x1
[    5.382754]   Magic number: 15:93:358
[    5.385314] rtc_cmos rtc_cmos: setting system clock to 2019-04-29 01:21:40 UTC (1556500900)
[    5.385489] BIOS EDD facility v0.16 2004-Jun-25, 0 devices found
[    5.385490] EDD information not available.
[    5.415496] input: AT Translated Set 2 keyboard as /devices/platform/i8042/serio0/input/input2
[    5.562956] Freeing unused kernel memory: 1484K
[    5.582156] Write protecting the kernel read-only data: 14336k
[    5.587862] Freeing unused kernel memory: 1620K
[    5.600569] Freeing unused kernel memory: 68K
Loading, please wait...
starting version[    5.633421] random: systemd-udevd: uninitialized urandom read (16 bytes read, 5 bits of entropy available)
 229
[    5.634867] random: udevadm: uninitialized urandom read (16 bytes read, 5 bits of entropy available)
[    5.634897] random: udevadm: uninitialized urandom read (16 bytes read, 5 bits of entropy available)
[    5.657546] random: udevadm: uninitialized urandom read (16 bytes read, 5 bits of entropy available)
[    5.657630] random: udevadm: uninitialized urandom read (16 bytes read, 5 bits of entropy available)
[    5.657925] random: udevadm: uninitialized urandom read (16 bytes read, 5 bits of entropy available)
[    5.658031] random: udevadm: uninitialized urandom read (16 bytes read, 5 bits of entropy available)
[    5.658136] random: udevadm: uninitialized urandom read (16 bytes read, 5 bits of entropy available)
[    5.658287] random: udevadm: uninitialized urandom read (16 bytes read, 5 bits of entropy available)
[    5.658394] random: udevadm: uninitialized urandom read (16 bytes read, 5 bits of entropy available)
[    5.825729] e1000: Intel(R) PRO/1000 Network Driver - version 7.3.21-k8-NAPI
[    5.842545] e1000: Copyright (c) 1999-2006 Intel Corporation.
[    5.860146] Fusion MPT base driver 3.04.20
[    5.862583] Copyright (c) 1999-2008 LSI Corporation
[    5.912923] Fusion MPT SPI Host driver 3.04.20
[    5.928026] AVX2 version of gcm_enc/dec engaged.
[    5.930716] AES CTR mode by8 optimization enabled
[    6.064270] input: ImExPS/2 Generic Explorer Mouse as /devices/platform/i8042/serio1/input/input4
[    6.385643] e1000 0000:00:03.0 eth0: (PCI:33MHz:32-bit) 02:5f:df:de:53:76
[    6.411103] e1000 0000:00:03.0 eth0: Intel(R) PRO/1000 Network Connection
[    7.145767] e1000 0000:00:08.0 eth1: (PCI:33MHz:32-bit) 08:00:27:a5:95:d6
[    7.149175] e1000 0000:00:08.0 eth1: Intel(R) PRO/1000 Network Connection
[    7.170993] e1000 0000:00:03.0 enp0s3: renamed from eth0
[    7.183720] mptbase: ioc0: Initiating bringup
[    7.193196] e1000 0000:00:08.0 enp0s8: renamed from eth1
[    7.533935] ioc0: LSI53C1030 A0: Capabilities={Initiator}
[    8.425666] scsi host2: ioc0: LSI53C1030 A0, FwRev=00000000h, Ports=1, MaxQ=256, IRQ=20
[    8.948161] scsi 2:0:0:0: Direct-Access     VBOX     HARDDISK         1.0  PQ: 0 ANSI: 5
[    8.964073] scsi target2:0:0: Beginning Domain Validation
[    8.983906] scsi target2:0:0: Domain Validation skipping write tests
[    8.995573] scsi target2:0:0: Ending Domain Validation
[    9.131862] scsi target2:0:0: asynchronous
[    9.143893] scsi 2:0:1:0: Direct-Access     VBOX     HARDDISK         1.0  PQ: 0 ANSI: 5
[    9.161385] scsi target2:0:1: Beginning Domain Validation
[    9.183194] scsi target2:0:1: Domain Validation skipping write tests
[    9.189469] scsi target2:0:1: Ending Domain Validation
[    9.194478] scsi target2:0:1: asynchronous
[    9.224163] sd 2:0:0:0: [sda] 20971520 512-byte logical blocks: (10.7 GB/10.0 GiB)
[    9.233600] sd 2:0:0:0: Attached scsi generic sg0 type 0
[    9.238951] sd 2:0:1:0: Attached scsi generic sg1 type 0
[    9.241092] sd 2:0:1:0: [sdb] 20480 512-byte logical blocks: (10.5 MB/10.0 MiB)
[    9.241417] sd 2:0:0:0: [sda] Write Protect is off
[    9.241796] sd 2:0:1:0: [sdb] Write Protect is off
[    9.242020] sd 2:0:0:0: [sda] Incomplete mode parameter data
[    9.242027] sd 2:0:0:0: [sda] Assuming drive cache: write through
[    9.242238] sd 2:0:1:0: [sdb] Incomplete mode parameter data
[    9.242244] sd 2:0:1:0: [sdb] Assuming drive cache: write through
[    9.248102]  sda: sda1
[    9.254112] sd 2:0:1:0: [sdb] Attached SCSI disk
[    9.254707] sd 2:0:0:0: [sda] Attached SCSI disk
Begin: Loading essential drivers ... [   11.452130] md: linear personality registered for level -1
[   11.460776] md: multipath personality registered for level -4
[   11.470658] md: raid0 personality registered for level 0
[   11.486515] md: raid1 personality registered for level 1
[   11.572766] raid6: sse2x1   gen()  2211 MB/s
[   11.649026] raid6: sse2x1   xor()  1289 MB/s
[   11.717278] raid6: sse2x2   gen()  3767 MB/s
[   11.793448] raid6: sse2x2   xor()  2736 MB/s
[   11.869580] raid6: sse2x4   gen()  6081 MB/s
[   11.957484] raid6: sse2x4   xor()  3442 MB/s
[   12.024843] raid6: avx2x1   gen()  4632 MB/s
[   12.104908] raid6: avx2x2   gen()  8445 MB/s
[   12.192755] raid6: avx2x4   gen() 11337 MB/s
[   12.207118] raid6: using algorithm avx2x4 gen() 11337 MB/s
[   12.210096] raid6: using avx2x2 recovery algorithm
[   12.216305] xor: automatically using best checksumming function:
[   12.260725]    avx       : 16511.000 MB/sec
[   12.277979] async_tx: api initialized (async)
[   12.302634] md: raid6 personality registered for level 6
[   12.305551] md: raid5 personality registered for level 5
[   12.310914] md: raid4 personality registered for level 4
[   12.325530] md: raid10 personality registered for level 10
done.
Begin: Running /scripts/init-premount ... done.
Begin: Mounting root file system ... Begin: Running /scripts/local-top ... done.
Begin: Running /scripts/local-premount ... [   12.403709] Btrfs loaded
Scanning for Btrfs filesystems
done.
Warning: fsck not present, so skipping root file[   12.460823] EXT4-fs (sda1): mounted filesystem with ordered data mode. Opts: (null)
 system
done.
Begin: Running /scripts/local-bottom ... done.
Begin: Running /scripts/init-bottom ... done.
[   12.648070] systemd[1]: systemd 229 running in system mode. (+PAM +AUDIT +SELINUX +IMA +APPARMOR +SMACK +SYSVINIT +UTMP +LIBCRYPTSETUP +GCRYPT +GNUTLS +ACL +XZ -LZ4 +SECCOMP +BLKID +ELFUTILS +KMOD -IDN)
[   12.676433] systemd[1]: Detected virtualization oracle.
[   12.687429] systemd[1]: Detected architecture x86-64.

Welcome to [1mUbuntu 16.04.6 LTS[0m!

[   12.698296] systemd[1]: Set hostname to <ubuntu>.
[   12.705931] systemd[1]: Initializing machine ID from random generator.
[   12.709538] systemd[1]: Installed transient /etc/machine-id file.
[   12.958153] systemd[1]: Listening on Device-mapper event daemon FIFOs.
[[0;32m  OK  [0m] Listening on Device-mapper event daemon FIFOs.
[   12.981685] systemd[1]: Listening on Journal Socket.
[[0;32m  OK  [0m] Listening on Journal Socket.
[   12.994395] systemd[1]: Reached target Swap.
[[0;32m  OK  [0m] Reached target Swap.
[   13.009867] systemd[1]: Reached target System Time Synchronized.
[[0;32m  OK  [0m] Reached target System Time Synchronized.
[   13.015735] systemd[1]: Listening on LVM2 poll daemon socket.
[[0;32m  OK  [0m] Listening on LVM2 poll daemon socket.
[   13.026067] systemd[1]: Created slice User and Session Slice.
[[0;32m  OK  [0m] Created slice User and Session Slice.
[   13.049183] systemd[1]: Listening on Journal Audit Socket.
[[0;32m  OK  [0m] Listening on Journal Audit Socket.
[   13.073495] systemd[1]: Started Trigger resolvconf update for networkd DNS.
[[0;32m  OK  [0m] Started Trigger resolvconf update for networkd DNS.
[   13.093697] systemd[1]: Reached target User and Group Name Lookups.
[[0;32m  OK  [0m] Reached target User and Group Name Lookups.
[   13.121479] systemd[1]: Listening on /dev/initctl Compatibility Named Pipe.
[[0;32m  OK  [0m] Listening on /dev/initctl Compatibility Named Pipe.
[   13.142134] systemd[1]: Set up automount Arbitrary Executable File Formats File System Automount Point.
[[0;32m  OK  [0m] Set up automount Arbitrary Executab...ats File System Automount Point.
[   13.166568] systemd[1]: Started Forward Password Requests to Wall Directory Watch.
[[0;32m  OK  [0m] Started Forward Password Requests to Wall Directory Watch.
[   13.226782] systemd[1]: Created slice System Slice.
[[0;32m  OK  [0m] Created slice System Slice.
[   13.257109] systemd[1]: Mounting Huge Pages File System...
         Mounting Huge Pages File System...
[   13.321382] systemd[1]: Starting Nameserver information manager...
         Starting Nameserver information manager...
[   13.337001] systemd[1]: Created slice system-serial\x2dgetty.slice.
[[0;32m  OK  [0m] Created slice system-serial\x2dgetty.slice.
[   13.386122] systemd[1]: Starting Load Kernel Modules...
[   13.387218] random: nonblocking pool is initialized
         Starting Load Kernel Modules...
[   13.411713] Loading iSCSI transport class v2.0-870.
[   13.420177] systemd[1]: Starting Create list of required static device nodes for the current kernel...
         Startin[   13.445180] iscsi: registered transport (tcp)
g Create list of required st... nodes for the current kernel...
[   13.472283] systemd[1]: Listening on LVM2 metadata daemon socket.
[[0;32m  OK  [0m] Listening on LVM2 metadata daemon socket.
[   13.509812] systemd[1]: Starting Monitoring of LVM2 mirrors, snapshots etc. using dmeventd or progress polling...
         Starting Monitoring of LVM2 mirrors... dmeventd or progress polling...
[   13.529133] systemd[1]: Reached target Encrypted Volumes.
[[0;32m  OK  [0m] Reached targ[   13.540784] iscsi: registered transport (iser)
et Encrypted Volumes.
[   13.545615] systemd[1]: Listening on udev Control Socket.
[[0;32m  OK  [0m] Listening on udev Control Socket.
[   13.565615] systemd[1]: Listening on Syslog Socket.
[[0;32m  OK  [0m] Listening on Syslog Socket.
[   13.593846] systemd[1]: Starting Uncomplicated firewall...
         Starting Uncomplicated firewall...
[   13.608109] systemd[1]: Listening on Journal Socket (/dev/log).
[[0;32m  OK  [0m] Listening on Journal Socket (/dev/log).
[   13.618087] systemd[1]: Listening on udev Kernel Socket.
[[0;32m  OK  [0m] Listening on udev Kernel Socket.
[   13.633594] systemd[1]: Starting Set console keymap...
         Starting Set console keymap...
[   13.642145] systemd[1]: Mounting POSIX Message Queue File System...
         Mounting POSIX Message Queue File System...
[   13.655386] systemd[1]: Reached target Slices.
[[0;32m  OK  [0m] Reached target Slices.
[   13.689671] systemd[1]: Mounting Debug File System...
         Mounting Debug File System...
[   13.697041] systemd[1]: Starting Remount Root and Kernel File Systems...
         Starting Remount Root and Kernel File Systems...
[   13.705250] systemd[1]: Starting Journal Service...
[   13.716251] EXT4-fs (sa1): re-mouted Opts: (null)

         Starting Journal Service...
[   13.871098] systemd[1]: Mounted POSIX Message Queue File System.
[[0;32m  OK  [0m] Mounted POSIX Message Queue File System.
[   13.885355] systemd[1]: Mounted Debug File System.
[[0;32m  OK  [0m] Mounted Debug File System.
[   13.905978] systemd[1]: Mounted Huge Pages File System.
[[0;32m  OK  [0m] Mounted Huge Pages File System.
[   13.922177] systemd[1]: Started Journal Service.
[[0;32m  OK  [0m] Started Journal Service.
[[0;32m  OK  [0m] Started Load Kernel Modules.
[[0;32m  OK  [0m] Started Create list of required sta...ce nodes for the current kernel.
[[0;32m  OK  [0m] Started Uncomplicated firewall.
[[0;32m  OK  [0m] Started Set console keymap.
[[0;32m  OK  [0m] Started Remount Root and Kernel File Systems.
[[0;32m  OK  [0m] Started Nameserver information manager.
[[0;32m  OK  [0m] Started LVM2 metadata daemon.
         Starting udev Coldplug all Devices...
         Starting Load/Save Random Seed...
         Starting Create Static Device Nodes in /dev...
         Mounting FUSE Control File System...
         Starting Apply Kernel Variables...
         Starting Flush Journal to Persistent Storage...
[[0;32m  OK  [0m] Mounted FUSE Control File System.
[[0;32m  OK  [0m] Started Load/Save Random Seed.
[[0;32m  OK  [0m] Started Create Static Device Nodes in /dev.
[[0;32m  OK  [0m] Started Apply Kernel Variables.
[[0;32m  OK  [0m] Started udev Coldplug all Devices.
[[0;32m  OK  [0m] Started Monitoring of LVM2 mirrors,...ng dmeventd or progress polling.
[[0;32m  OK  [0m] Started Flush Journal to Persistent Storage.
         Starting udev Kernel Device Manager...
[[0;32m  OK  [0m] Reached target Local File Systems (Pre).
[[0;32m  OK  [0m] Reached target Local File Systems.
         Starting Set console font and keymap...
         Starting Initial cloud-init job (pre-networking)...
         Starting Tell Plymouth To Write Out Runtime Data...
         Starting LSB: AppArmor initialization...
         Starting Create Volatile Files and Directories...
         Starting Commit a transient machine-id on disk...
[[0;32m  OK  [0m] Started udev Kernel Device Manager.
[[0;32m  OK  [0m] Started Tell Plymouth To Write Out Runtime Data.
[[0;32m  OK  [0m] Started Create Volatile Files and Directories.
[[0;32m  OK  [0m] Started Commit a transient machine-id on disk.
[[0;32m  OK  [0m] Found device /dev/ttyS0.
[[0;32m  OK  [0m] Started Set console font and keymap.
[[0;32m  OK  [0m] Listening on Load/Save RF Kill Switch Status /dev/rfkill Watch.
[[0;32m  OK  [0m] Created slice system-getty.slice.
         Starting Update UTMP about System Boot/Shutdown...
[[0;32m  OK  [0m] Started Dispatch Password Requests to Console Directory Watch.
[[0;32m  OK  [0m] Started Update UTMP about System Boot/Shutdown.
[   15.884404] cloud-init[483]: Cloud-init v. 18.5-45-g3554ffe8-0ubuntu1~16.04.1 running 'init-local' at Mon, 29 Apr 2019 01:21:52 +0000. Up 14.83 seconds.
[[0;32m  OK  [0m] Started Initial cloud-init job (pre-networking).
[[0;32m  OK  [0m] Reached target Network (Pre).
[[0;32m  OK  [0m] Started LSB: AppArmor initialization.
         Starting Raise network interfaces...
[[0;32m  OK  [0m] Started Raise network interfaces.
         Starting Initial cloud-init job (metadata service crawler)...
[[0;32m  OK  [0m] Reached target Network.
[   20.438720] cloud-init[932]: Cloud-init v. 18.5-45-g3554ffe8-0ubuntu1~16.04.1 running 'init' at Mon, 29 Apr 2019 01:21:56 +0000. Up 19.34 seconds.
[   20.483839] cloud-init[932]: ci-info: ++++++++++++++++++++++++++++++++++++++Net device info+++++++++++++++++++++++++++++++++++++++
[   20.489765] cloud-init[932]: ci-info: +--------+-------+----------------------------+---------------+--------+-------------------+
[   20.505289] cloud-init[932]: ci-info: | Device |   Up  |          Address           |      Mask     | Scope  |     Hw-Address    |
[   20.509972] cloud-init[932]: ci-info: +--------+-------+----------------------------+---------------+--------+-------------------+
[   20.567222] cloud-init[932]: ci-info: | enp0s3 |  True |         10.0.2.15          | 255.255.255.0 | global | 02:5f:df:de:53:76 |
[   20.567805] cloud-init[932]: ci-info: | enp0s3 |  True | fe80::5f:dfff:fede:5376/64 |       .       |  link  | 02:5f:df:de:53:76 |
[   20.568232] cloud-init[932]: ci-info: | enp0s8 | False |             .              |       .       |   .    | 08:00:27:a5:95:d6 |
[   20.568989] cloud-init[932]: ci-info: |   lo   |  True |         127.0.0.1          |   255.0.0.0   |  host  |         .         |
[   20.569396] cloud-init[932]: ci-info: |   lo   |  True |          ::1/128           |       .       |  host  |         .         |
[   20.569869] cloud-init[932]: ci-info: +--------+-------+----------------------------+---------------+--------+-------------------+
[   20.570236] cloud-init[932]: ci-info: +++++++++++++++++++++++++++Route IPv4 info++++++++++++++++++++++++++++
[   20.571015] cloud-init[932]: ci-info: +-------+-------------+----------+---------------+-----------+-------+
[[0;32m  OK  [0m] Started Initial cloud-init job (metadata service crawler).
[   20.571374] cloud-init[932]: ci-info: | Route | Destination | Gateway  |    Genmask    | Interface | Flags |
[   20.844095] cloud-init[932]: ci-info: +-------+-------------+----------+---------------+-----------+-------+
[   20.860694] [[0;32m  OK  [0m] Reached target Network is Online.
cloud-init[932]: ci-info: |   0   |   0.0.0.0   | 10.0.2.2 |    0.0.0.0    |   enp0s3  |   UG  |
[   20.877955] cloud-init[932]: ci-info: |   1   |   10.0.2.0  | 0.0.0.0  | 255.255.255.0 |   enp0s3  |   U   |
[   20.900558] cloud-init         [932]: Starting iSCSI initiator daemon (iscsid)...ci-info: +-------+-------------+----------+---------------+-----------+-------+

[   20.923025] [cloud-init[0;32m  OK  [0m[932]: ] ci-info: +++++++++++++++++++Route IPv6 info+++++++++++++++++++Reached target Cloud-config availability.

[   20.925012] [[0;32m  OK  [0m] Reached target System Initialization.
[[0;32m  OK  [0m] Listening on D-Bus System Message Bus Socket.
[[0;32m  OK  [0m] Started Daily Cleanup of Temporary Directories.
[[0;32m  OK  [0m] Started Daily apt download activities.
[[0;32m  OK  [0m] Started Daily apt upgrade and clean activities.
cloud-init[932]: ci-info: +-------+-------------+---------+-----------+-------+
[   20.978945] [[0;32m  OK  [0m] Started ACPI Events Check.
cloud-init[932]: ci-info: | Route | Destination | Gateway | Interface | Flags |
[   20.991195] cloud-init[932]: ci-info: +-------+-------------+---------+-----------+-------+
[[0;32m  OK  [0m] Reached target Paths.
[   20.999258]          Starting LXD - unix socket.
         Starting Socket activation for snappy daemon.
[[0;32m  OK  [0m] Reached target Timers.
cloud-init[932]: ci-info: |   0   |  fe80::/64  |    ::   |   enp0s3  |   U   |
[   21.051518] cloud-init[932]: ci-info: |   3   |   ff00::/8  |    ::   |   enp0s3  |   U   |
[[0;32m  OK  [0m] Listening on UUID daemon activation socket.
[   21.052581] cloud-init[932]: ci-info: +-------+-------------+---------+-----------+-------+
[[0;32m  OK  [0m] Listening on ACPID Listen Socket.
[   21.082729] cloud-init[932]: Generating public/private rsa key pair.
[   21.165100] [[0;32m  OK  [0m] Listening on LXD - unix socket.
[[0;32m  OK  [0m] Listening on Socket activation for snappy daemon.
[[0;32m  OK  [0m] Started iSCSI initiator daemon (iscsid).
cloud-init[932]: Your identification has been saved in /etc/ssh/ssh_host_rsa_key.
[   21.252694]          Starting Login to default iSCSI targets...
[[0;32m  OK  [0m] Reached target Sockets.
cloud-init[932]: Your public key has been saved in /etc/ssh/ssh_host_rsa_key.pub.
[[0;32m  OK  [0m] Reached target Basic System.
[   21.275626] cloud-init[932]: The key fingerprint is:
[   21.289409] cloud-init[932]: SHA256:zlf2OSEnBUxj8mMpOdrw4eQt4Rr3Rfbh+UtDXUr4rBQ root@ubuntu-xenial
[   21.312789] [cloud-init[0;32m  OK  [0m[932]: ] The key's randomart image is:Started ACPI event daemon.

[   21.314689] cloud-init[932]: +---[RSA 2048]----+
[   21.386903] cloud-init[932]: |          .o=    |
[   21.387916] cloud-init[932]: |           =.=   |
         Starting LSB: MD monitoring daemon...
[   21.389297] cloud-init[932]: |        . B E =..|
[   21.406089] cloud-init[932]: |         X B X.o=|
[   21.407224] cloud-init[932]: |        S O B B+o|
[   21.407744] cloud-init[932]: |       o + * B.o.|
[   21.409731] cloud-init[932]: |        + . o +o.|
[   21.409947] cloud-init[932]: |         .    ..o|
[   21.410173] cloud-init[932]: |               . |
[   21.410363] cloud-init[932]: +----[SHA256]-----+
[   21.410536] cloud-init[932]: Generating public/private dsa key pair.
[   21.410715] cloud-init[932]: Your identification has been saved in /etc/ssh/ssh_host_dsa_key.
[   21.410938] cloud-init[932]: Your public key has been saved in /etc/ssh/ssh_host_dsa_key.pub.
[   21.411560] cloud-init[932]: The key fingerprint is:
[   21.412950] cloud-init[932]: SHA256:DJOVc+4ojL6nhVyRq5sh745foo/92elxPM0KljV9baU root@ubuntu-xenial
[   21.413563] cloud-init[932]: The key's randomart image is:
[   21.414151] cloud-init[932]: +---[DSA 1024]----+
[   21.414390] cloud-init[932]: |        ..       |
[   21.414571] cloud-init[932]: |       +o .      |
[   21.414883] cloud-init[932]: |      *  +      .|
[   21.415059] cloud-init[932]: |       *  ..   o.|
[   21.415232] cloud-init[932]: |     oo Soo . E o|
[   21.415406] cloud-init[932]: |   ..+o .+.+ . . |
[   21.415578] cloud-init[932]: |  ..* o.= + o    |
[   21.415835] cloud-init[932]: |   B.B.+ = o     |
[   21.416014] cloud-init[932]: |  +=%=o.+ .      |
         Starting Snappy daemon...
[   21.416777] cloud-init[932]: +----[SHA256]-----+
[   21.613187] cloud-init[932]: Generating public/private ecdsa key pair.
[[0;32m  OK  [0m] Started FUSE filesystem for LXC.
[   21.639658] cloud-init[932]: Your identification has been saved in /etc/ssh/ssh_host_ecdsa_key.
[   21.653242] cloud-init[932]: Your public key has been saved in /etc/ssh/ssh_host_ecdsa_key.pub.
[   21.654618] cloud-init[932]: The key fingerprint is:
[   21.654796] cloud-init[932]: SHA256:QEWP3XU5zEPblDvS2HJ+2J9gH3WY66lYqa1JUZvDlXc root@ubuntu-xenial
[   21.654940] cloud-init[932]: The key's randomart image is:
[   21.655161] cloud-init[932]: +---[ECDSA 256]---+
[[0;32m  OK  [0m] Started Deferred execution scheduler.
[   21.658853] cloud-init[932]: |      .oo     =.=|
         Starting /etc/rc.local Compatibility...
         Starting LXD - container startup/shutdown...
         Starting Virtualbox guest utils...
[   21.739558] cloud-init[932]: |     .   + . . @o|
[   21.748499] cloud-init[932]: |      . . o o *+E|
[   21.749803] cloud-init[932]: |       .   o BoB+|
[   21.749955] cloud-init[932]: |        S . = =++|
[   21.750094] cloud-init[932]: |           . =ooo|
[   21.750232] cloud-init[932]: |          . +.o.=|
[   21.750428] cloud-init[932]: |         . *  oo.|
[   21.750743] cloud-init[932]: |          =.o.   |
[   21.750965] cloud-init[932]: +----[SHA256]-----+
[   21.756703] cloud-init[932]: Generating public/private ed25519 key pair.
[   21.757212] cloud-init[932]: Your identification has been saved in /etc/ssh/ssh_host_ed25519_key.
         Starting System Logging Service...
[   21.789490] cloud-init[932]: Your public key has been saved in /etc/ssh/ssh_host_ed25519_key.pub.
[   21.871294]          Starting LSB: Record successful boot for GRUB...
cloud-init[932]: The key fingerprint is:
[[0;32m  OK  [0m] Started Regular background program processing daemon.
[   21.895266] cloud-init[932]: SHA256:AHSiMFzWjuc3v8x+Zp/Lb5mx+OD5zoy0hFPuRg1EH6A root@ubuntu-xenial
[   21.909098]          Starting Accounts Service...
[[0;32m  OK  [0m] Started Unattended Upgrades Shutdown.
         Starting Pollinate to seed the pseudo random number generator...
[[0;32m  OK  [0m] Started D-Bus System Message Bus.
cloud-init[932]: The key's randomart image is:
[   21.978303] cloud-init[932]: +--[ED25519 256]--+
[   21.994038] cloud-init[932]: |+ .+= .     .o.. |
[   22.013570] cloud-init[932]: | +.. =      ... .|
[   22.017672] cloud-init[932]: |  . o .    E.  . |
[   22.021219] cloud-init[932]: |   . o .     .   |
[   22.025609] cloud-init[932]: |    o   S    .o  |
[   22.050361] cloud-init[932]: |     . o    +. o |
[   22.054504] cloud-init[932]: |      . o  o.=. =|
[   22.060907] cloud-init[932]: |        o. +BoO= |
[   22.078919] cloud-init[932]: |        .== o@BB |
[   22.083052] cloud-init[932]: +----[SHA256]-----+
         Starting Login Service...
[[0;32m  OK  [0m] Started Snappy daemon.
[[0;32m  OK  [0m] Started System Logging Service.
[[0;32m  OK  [0m] Started /etc/rc.local Compatibility.
[[0;32m  OK  [0m] Started LXD - container startup/shutdown.
[[0;32m  OK  [0m] Started Login to default iSCSI targets.
[[0;32m  OK  [0m] Started LSB: MD monitoring daemon.
[[0;32m  OK  [0m] Started LSB: Record successful boot for GRUB.
[[0;32m  OK  [0m] Started Login Service.
         Starting Authenticate and Authorize Users to Run Privileged Tasks...
[[0;32m  OK  [0m] Reached target Remote File Systems (Pre).
[[0;32m  OK  [0m] Reached target Remote File Systems.
         Starting LSB: Set the CPU Frequency Scaling governor to "ondemand"...
         Starting LSB: automatic crash report generation...
         Starting Permit User Sessions...
         Starting LSB: daemon to balance interrupts for SMP systems...
         Starting Wait until snapd is fully seeded...
[[0;32m  OK  [0m] Started Virtualbox guest utils.
[[0;32m  OK  [0m] Started Permit User Sessions.
[[0;32m  OK  [0m] Started Authenticate and Authorize Users to Run Privileged Tasks.
[[0;32m  OK  [0m] Started Accounts Service.
         Starting Terminate Plymouth Boot Screen...
         Starting Hold until boot process finishes up...
[[0;32m  OK  [0m] Started LSB: Set the CPU Frequency Scaling governor to "ondemand".
[[0;32m  OK  [0m] Started LSB: automatic crash report generation.
[[0;32m  OK  [0m] Started LSB: daemon to balance interrupts for SMP systems.
[[0;32m  OK  [0m] Started Terminate Plymouth Boot Screen.
[[0;32m  OK  [0m] Started Hold until boot process finishes up.
         Starting Set console scheme...
[[0;32m  OK  [0m] Started Serial Getty on ttyS0.
[[0;32m  OK  [0m] Started Getty on tty1.
[[0;32m  OK  [0m] Reached target Login Prompts.
[[0;32m  OK  [0m] Started Set console scheme.
[[0;32m  OK  [0m] Started Pollinate to seed the pseudo random number generator.
         Starting OpenBSD Secure Shell server...
[[0;32m  OK  [0m] Started OpenBSD Secure Shell server.
[[0;32m  OK  [0m] Created slice User Slice of vagrant.
         Starting User Manager for UID 1000...
[[0;32m  OK  [0m] Started User Manager for UID 1000.
[[0;32m  OK  [0m] Started Session 1 of user vagrant.

Ubuntu 16.04.6 LTS ubuntu-xenial ttyS0

ubuntu-xenial login: [   29.954465] cloud-init[1427]: Generating locales (this might take a while)...
[   33.466791] cloud-init[1427]:   en_US.UTF-8... done
[   33.475981] cloud-init[1427]: Generation complete.
[   34.279149] cloud-init[1427]: Cloud-init v. 18.5-45-g3554ffe8-0ubuntu1~16.04.1 running 'modules:config' at Mon, 29 Apr 2019 01:22:06 +0000. Up 29.55 seconds.
ci-info: no authorized ssh keys fingerprints found for user ubuntu.
<14>Apr 29 01:22:12 ec2: 
<14>Apr 29 01:22:12 ec2: #############################################################
<14>Apr 29 01:22:12 ec2: -----BEGIN SSH HOST KEY FINGERPRINTS-----
<14>Apr 29 01:22:12 ec2: 1024 SHA256:DJOVc+4ojL6nhVyRq5sh745foo/92elxPM0KljV9baU root@ubuntu-xenial (DSA)
<14>Apr 29 01:22:12 ec2: 256 SHA256:QEWP3XU5zEPblDvS2HJ+2J9gH3WY66lYqa1JUZvDlXc root@ubuntu-xenial (ECDSA)
<14>Apr 29 01:22:12 ec2: 256 SHA256:AHSiMFzWjuc3v8x+Zp/Lb5mx+OD5zoy0hFPuRg1EH6A root@ubuntu-xenial (ED25519)
<14>Apr 29 01:22:12 ec2: 2048 SHA256:zlf2OSEnBUxj8mMpOdrw4eQt4Rr3Rfbh+UtDXUr4rBQ root@ubuntu-xenial (RSA)
<14>Apr 29 01:22:12 ec2: -----END SSH HOST KEY FINGERPRINTS-----
<14>Apr 29 01:22:12 ec2: #############################################################
-----BEGIN SSH HOST KEY KEYS-----
ecdsa-sha2-nistp256 AAAAE2VjZHNhLXNoYTItbmlzdHAyNTYAAAAIbmlzdHAyNTYAAABBBG8AY3aVORL/iWncKgrcCVjuool+X9QL7LRCQJknvR6LiqKLIRhwJR8Gj4Lc5kpAN06JWIytZVP8hk1V2jNui3M= root@ubuntu-xenial
ssh-ed25519 AAAAC3NzaC1lZDI1NTE5AAAAIP1HY2YEbeZDd0Ht6qmFXEqq3S28RbKUo6Z1I383Cw70 root@ubuntu-xenial
ssh-rsa AAAAB3NzaC1yc2EAAAADAQABAAABAQDpCJhcTaw/KeJQjLCkl4sEFuWn2fGE5hJ9Mzu8W8Tv8RqK+ngTWqKraNWX36DI2UGcKrky+gWlElE9VTEC5nAcoJWK7Alg5XWICiVH6qVb2Yb5Lm1WDj28OxjYR2L6LJZuD9889didtv1OiChJQR+wuQbfbS8touHUAGxcNlfojcd0c9u08rmca/OHm3iIWeXxvhMBbo1lXbWsrdcvPwA81HkutlqIf9CHbd+oghN1NgQQxO7IMKUP8qWKLIJ9ghzN5u3PxKQPlypcAfvn96CVSAQHDj6qxqzSSavHLtvSd0/FKAh2vL3xr6IXpWUhHpmC/KIdtGyY1bUQb+DMDKON root@ubuntu-xenial
-----END SSH HOST KEY KEYS-----
[   35.484745] cloud-init[1704]: Cloud-init v. 18.5-45-g3554ffe8-0ubuntu1~16.04.1 running 'modules:final' at Mon, 29 Apr 2019 01:22:12 +0000. Up 35.15 seconds.
[   35.485248] cloud-init[1704]: ci-info: no authorized ssh keys fingerprints found for user ubuntu.
[   35.485622] cloud-init[1704]: Cloud-init v. 18.5-45-g3554ffe8-0ubuntu1~16.04.1 finished at Mon, 29 Apr 2019 01:22:12 +0000. Datasource DataSourceNoCloud [seed=/dev/sdb][dsmode=net].  Up 35.46 seconds
